


materialPath: C:\Program Files (x86)\Steam\steamapps\common\Portal 2\portal2\materials
Loading C:\Program Files (x86)\Steam\steamapps\common\Portal 2\sdk_content\maps\lastataperture_mod\maps\prefabs_or_instances\elevator_rooms\elevator_room_standart_arrive.vmf
ConVarRef gpu_level doesn't point to an existing ConVar
fixing up env_cubemap materials on brush sides...
0...1...2...3...4...5...6...7...8...9...10**** leaked ****
Entity prop_static (-0.23 -0.26 388.00) leaked!

FindPortalSide: Couldn't find a good match for which brush to assign to a portal near (105.9 81.1 -48.0)
Leaf 0 contents: CONTENTS_SOLID 
Leaf 1 contents: CONTENTS_SOLID CONTENTS_GRATE CONTENTS_TRANSLUCENT 
viscontents (node 0 contents ^ node 1 contents): CONTENTS_GRATE 
This means that none of the brushes in leaf 0 or 1 that touches the portal has CONTENTS_GRATE 
Check for a huge brush enclosing the coordinates above that has contents CONTENTS_GRATE 
Candidate brush IDs: Brush 5746: 


FindPortalSide: Couldn't find a good match for which brush to assign to a portal near (51.1 123.5 -48.0)
Leaf 0 contents: CONTENTS_SOLID CONTENTS_GRATE CONTENTS_TRANSLUCENT 
Leaf 1 contents: CONTENTS_SOLID 
viscontents (node 0 contents ^ node 1 contents): CONTENTS_GRATE 
This means that none of the brushes in leaf 0 or 1 that touches the portal has CONTENTS_GRATE 
Check for a huge brush enclosing the coordinates above that has contents CONTENTS_GRATE 
Candidate brush IDs: Brush 5747: 


FindPortalSide: Couldn't find a good match for which brush to assign to a portal near (114.0 66.5 -48.0)
Leaf 0 contents: CONTENTS_SOLID CONTENTS_GRATE CONTENTS_TRANSLUCENT 
Leaf 1 contents: CONTENTS_SOLID 
viscontents (node 0 contents ^ node 1 contents): CONTENTS_GRATE 
This means that none of the brushes in leaf 0 or 1 that touches the portal has CONTENTS_GRATE 
Check for a huge brush enclosing the coordinates above that has contents CONTENTS_GRATE 
Candidate brush IDs: Brush 5746: 


FindPortalSide: Couldn't find a good match for which brush to assign to a portal near (123.4 51.3 -48.0)
Leaf 0 contents: CONTENTS_SOLID CONTENTS_GRATE CONTENTS_TRANSLUCENT 
Leaf 1 contents: CONTENTS_SOLID 
viscontents (node 0 contents ^ node 1 contents): CONTENTS_GRATE 
This means that none of the brushes in leaf 0 or 1 that touches the portal has CONTENTS_GRATE 
Check for a huge brush enclosing the coordinates above that has contents CONTENTS_GRATE 
Candidate brush IDs: Brush 5746: 


FindPortalSide: Couldn't find a good match for which brush to assign to a portal near (-119.6 91.4 -48.0)
Leaf 0 contents: CONTENTS_SOLID 
Leaf 1 contents: CONTENTS_SOLID CONTENTS_GRATE CONTENTS_TRANSLUCENT 
viscontents (node 0 contents ^ node 1 contents): CONTENTS_GRATE 
This means that none of the brushes in leaf 0 or 1 that touches the portal has CONTENTS_GRATE 
Check for a huge brush enclosing the coordinates above that has contents CONTENTS_GRATE 
Candidate brush IDs: Brush 5745: 


FindPortalSide: Couldn't find a good match for which brush to assign to a portal near (-107.0 81.8 -48.0)
Leaf 0 contents: CONTENTS_SOLID 
Leaf 1 contents: CONTENTS_SOLID CONTENTS_GRATE CONTENTS_TRANSLUCENT 
viscontents (node 0 contents ^ node 1 contents): CONTENTS_GRATE 
This means that none of the brushes in leaf 0 or 1 that touches the portal has CONTENTS_GRATE 
Check for a huge brush enclosing the coordinates above that has contents CONTENTS_GRATE 
Candidate brush IDs: Brush 5745: 


FindPortalSide: Couldn't find a good match for which brush to assign to a portal near (-51.4 123.5 -48.0)
Leaf 0 contents: CONTENTS_SOLID 
Leaf 1 contents: CONTENTS_SOLID CONTENTS_GRATE CONTENTS_TRANSLUCENT 
viscontents (node 0 contents ^ node 1 contents): CONTENTS_GRATE 
This means that none of the brushes in leaf 0 or 1 that touches the portal has CONTENTS_GRATE 
Check for a huge brush enclosing the coordinates above that has contents CONTENTS_GRATE 
Candidate brush IDs: Brush 5747: 


FindPortalSide: Couldn't find a good match for which brush to assign to a portal near (-88.5 115.4 -48.0)
Leaf 0 contents: CONTENTS_SOLID CONTENTS_GRATE CONTENTS_TRANSLUCENT 
Leaf 1 contents: CONTENTS_SOLID 
viscontents (node 0 contents ^ node 1 contents): CONTENTS_GRATE 
This means that none of the brushes in leaf 0 or 1 that touches the portal has CONTENTS_GRATE 
Check for a huge brush enclosing the coordinates above that has contents CONTENTS_GRATE 
Candidate brush IDs: Brush 5745: 

*** Suppressing further FindPortalSide errors.... ***
Processing areas...done (0)
Building Faces...done (0)
Chop Details...done (0)
Find Visible Detail Sides...
Merged 84 detail faces...done (0)
Merging details...done (0)
FixTjuncs...
PruneNodes...
WriteBSP...
done (0)
Finding displacement neighbors...
Finding lightmap sample positions...
Displacement Alpha : 0...1...2...3...4...5...6...7...8...9...10
Building Physics collision data...
done (1) (117965 bytes)
Placing detail props : 0...1...2...3...4...5...6...7...8...9...10
Compacting texture/material tables...
Reduced 591 texinfos to 172
Reduced 24 texdatas to 23 (663 bytes to 592)
Writing C:\Program Files (x86)\Steam\steamapps\common\Portal 2\sdk_content\maps\lastataperture_mod\maps\prefabs_or_instances\elevator_rooms\elevator_room_standart_arrive.bsp

nummapplanes:     (  1422 / 65536 )
nummapbrushes:    (   343 /  8192 )
nummapbrushsides: (  2677 / 65536 )
num_map_overlays: (     8 /   512 )
nummodels:        (    17 /  1024 )
num_entities:     (    45 / 16384 )

1 second elapsed



2 threads
reading c:\program files (x86)\steam\steamapps\common\portal 2\sdk_content\maps\lastataperture_mod\maps\prefabs_or_instances\elevator_rooms\elevator_room_standart_arrive.bsp
reading c:\program files (x86)\steam\steamapps\common\portal 2\sdk_content\maps\lastataperture_mod\maps\prefabs_or_instances\elevator_rooms\elevator_room_standart_arrive.prt
LoadPortals: couldn't read c:\program files (x86)\steam\steamapps\common\portal 2\sdk_content\maps\lastataperture_mod\maps\prefabs_or_instances\elevator_rooms\elevator_room_standart_arrive.prt



materialPath: C:\Program Files (x86)\Steam\steamapps\common\Portal 2\portal2\materials
Loading C:\Program Files (x86)\Steam\steamapps\common\Portal 2\sdk_content\maps\lastataperture_mod\maps\prefabs_or_instances\elevator_rooms\elevator_room_standart_arrive.vmf
ConVarRef gpu_level doesn't point to an existing ConVar
fixing up env_cubemap materials on brush sides...
0...1...2...3...4...5...6...7...8...9...100...1...2...3...4...5...6...7...8...9...10Processing areas...done (0)
Building Faces...done (0)
Chop Details...done (0)
Find Visible Detail Sides...
Merged 84 detail faces...done (0)
Merging details...done (0)
FixTjuncs...
PruneNodes...
WriteBSP...
done (0)
writing C:\Program Files (x86)\Steam\steamapps\common\Portal 2\sdk_content\maps\lastataperture_mod\maps\prefabs_or_instances\elevator_rooms\elevator_room_standart_arrive.prt...Building visibility clusters...
done (0)
Finding displacement neighbors...
Finding lightmap sample positions...
Displacement Alpha : 0...1...2...3...4...5...6...7...8...9...10
Building Physics collision data...
done (0) (120082 bytes)
Placing detail props : 0...1...2...3...4...5...6...7...8...9...10
Compacting texture/material tables...
Reduced 597 texinfos to 173
Reduced 25 texdatas to 24 (681 bytes to 610)
Writing C:\Program Files (x86)\Steam\steamapps\common\Portal 2\sdk_content\maps\lastataperture_mod\maps\prefabs_or_instances\elevator_rooms\elevator_room_standart_arrive.bsp

nummapplanes:     (  1448 / 65536 )
nummapbrushes:    (   349 /  8192 )
nummapbrushsides: (  2713 / 65536 )
num_map_overlays: (     8 /   512 )
nummodels:        (    17 /  1024 )
num_entities:     (    45 / 16384 )

1 second elapsed



2 threads
reading c:\program files (x86)\steam\steamapps\common\portal 2\sdk_content\maps\lastataperture_mod\maps\prefabs_or_instances\elevator_rooms\elevator_room_standart_arrive.bsp
reading c:\program files (x86)\steam\steamapps\common\portal 2\sdk_content\maps\lastataperture_mod\maps\prefabs_or_instances\elevator_rooms\elevator_room_standart_arrive.prt
 425 portalclusters
1459 numportals
0...1...2...3...4...5...6...7...8...9...100...1...2...3...4...5...6...7...8..


materialPath: C:\Program Files (x86)\Steam\steamapps\common\Portal 2\portal2\materials
Loading C:\Program Files (x86)\Steam\steamapps\common\Portal 2\sdk_content\maps\lastataperture_mod\maps\prefabs_or_instances\elevator_rooms\elevator_room_standart_arrive.vmf
ConVarRef gpu_level doesn't point to an existing ConVar
fixing up env_cubemap materials on brush sides...
0...1...2...3...4...5...6...7...8...9...100...1...2...3...4...5...6...7...8...9...10Processing areas...done (0)
Building Faces...done (0)
Chop Details...done (0)
Find Visible Detail Sides...
Merged 84 detail faces...done (0)
Merging details...done (0)
FixTjuncs...
PruneNodes...
WriteBSP...
done (0)
writing C:\Program Files (x86)\Steam\steamapps\common\Portal 2\sdk_content\maps\lastataperture_mod\maps\prefabs_or_instances\elevator_rooms\elevator_room_standart_arrive.prt...Building visibility clusters...
done (0)
Finding displacement neighbors...
Finding lightmap sample positions...
Displacement Alpha : 0...1...2...3...4...5...6...7...8...9...10
Building Physics collision data...
done (0) (120082 bytes)
Placing detail props : 0...1...2...3...4...5...6...7...8...9...10
Compacting texture/material tables...
Reduced 645 texinfos to 173
Reduced 26 texdatas to 24 (750 bytes to 696)
Writing C:\Program Files (x86)\Steam\steamapps\common\Portal 2\sdk_content\maps\lastataperture_mod\maps\prefabs_or_instances\elevator_rooms\elevator_room_standart_arrive.bsp

nummapplanes:     (  1448 / 65536 )
nummapbrushes:    (   349 /  8192 )
nummapbrushsides: (  2713 / 65536 )
num_map_overlays: (     8 /   512 )
nummodels:        (    17 /  1024 )
num_entities:     (    45 / 16384 )

1 second elapsed



2 threads
reading c:\program files (x86)\steam\steamapps\common\portal 2\sdk_content\maps\lastataperture_mod\maps\prefabs_or_instances\elevator_rooms\elevator_room_standart_arrive.bsp
reading c:\program files (x86)\steam\steamapps\common\portal 2\sdk_content\maps\lastataperture_mod\maps\prefabs_or_instances\elevator_rooms\elevator_room_standart_arrive.prt
 425 portalclusters
1459 numportals
0...1...2...3...4...5...6...7...8...9...100...1...2...3...4...5...6...7...8...9...10Optimized: 420 visible clusters (0.00%)
Total clusters visible: 86229
Average clusters visible: 202
Building PAS...
Average clusters audible: 422
visdatasize:48843  compressed from 47600
writing c:\program files (x86)\steam\steamapps\common\portal 2\sdk_content\maps\lastataperture_mod\maps\prefabs_or_instances\elevator_rooms\elevator_room_standart_arrive.bsp
19 seconds elapsed



[Reading texlights from 'lights.rad']
[59 texlights parsed from 'lights.rad']

Loading c:\program files (x86)\steam\steamapps\common\portal 2\sdk_content\maps\lastataperture_mod\maps\prefabs_or_instances\elevator_rooms\elevator_room_standart_arrive.bsp
576 faces
15 degenerate faces
137027 square feet [19731936.00 square inches]
0 Displacements
0 Square Feet [0.00 Square Inches]
561 patches before subdivision
2977 patches after subdivision
16 direct lights
0...1...2...3...4...5...6...7...8...9...100...1...2...3...4...5...6...7...8...9...10transfers 254260, max 276
transfer lists:   1.9 megs
0...1...2...3...4...5...6...7...8...9...10	Bounce #1 added RGB(6747, 6811, 6325)
0...1...2...3...4...5...6...7...8...9...10	Bounce #2 added RGB(3050, 3080, 2863)
0...1...2...3...4...5...6...7...8...9...10	Bounce #3 added RGB(1387, 1401, 1304)
0...1...2...3...4...5...6...7...8...9...10	Bounce #4 added RGB(634, 641, 597)
0...1...2...3...4...5...6...7...8...9...10	Bounce #5 added RGB(290, 293, 273)
0...1...2...3...4...5...6...7...8...9...10	Bounce #6 added RGB(133, 134, 125)
0...1...2...3...4...5...6...7...8...9...10	Bounce #7 added RGB(61, 62, 58)
0...1...2...3...4...5...6...7...8...9...10	Bounce #8 added RGB(28, 28, 26)
0...1...2...3...4...5...6...7...8...9...10	Bounce #9 added RGB(13, 13, 12)
0...1...2...3...4...5...6...7...8...9...10	Bounce #10 added RGB(6, 6, 6)
0...1...2...3...4...5...6...7...8...9...10	Bounce #11 added RGB(3, 3, 3)
0...1...2...3...4...5...6...7...8...9...10	Bounce #12 added RGB(1, 1, 1)
0...1...2...3...4...5...6...7...8...9...10	Bounce #13 added RGB(1, 1, 1)
Build Patch/Sample Hash Table(s).....Done<0.0011 sec>
0...1...2...3...4...5...6...7...8...9...10FinalLightFace Done
2 of 2 (100% of) surface lights went in leaf ambient cubes.
0...1...2...3...4...5...6...7...8...9...10Writing leaf ambient...done
Ready to Finish

Object names       Objects/Maxobjs  Memory / Maxmem  Fullness 
------------       ---------------  ---------------  -------- 
models                  17/1024          816/49152    ( 1.7%) 
brushes                349/8192         4188/98304    ( 4.3%) 
brushsides            2714/65536       21712/524288   ( 4.1%) 
planes                1448/65536       28960/1310720  ( 2.2%) 
vertexes              2134/65536       25608/786432   ( 3.3%) 
nodes                  978/65536       31296/2097152  ( 1.5%) 
texinfos               173/12288       12456/884736   ( 1.4%) 
texdata                 24/2048          768/65536    ( 1.2%) 
dispinfos                0/0               0/0        ( 0.0%) 
disp_verts               0/0               0/0        ( 0.0%) 
disp_tris                0/0               0/0        ( 0.0%) 
disp_multiblend          0/0               0/0        ( 0.0%) 
disp_lmsamples           0/0               0/0        ( 0.0%) 
faces                  576/65536       32256/3670016  ( 0.9%) 
hdr faces                0/65536           0/3670016  ( 0.0%) 
origfaces              295/65536       16520/3670016  ( 0.5%) 
facebrushes            285/0             570/0        ( 0.0%) 
facebrushlists         576/0            2304/0        ( 0.0%) 
leaves                 996/65536       31872/2097152  ( 1.5%) 
leaffaces              726/65536        1452/131072   ( 1.1%) 
leafbrushes           1011/65536        2022/131072   ( 1.5%) 
areas                    2/256            16/2048     ( 0.8%) 
surfedges             3940/512000      15760/2048000  ( 0.8%) 
edges                 2615/256000      10460/1024000  ( 1.0%) 
LDR worldlights         16/8192         1600/819200   ( 0.2%) 
HDR worldlights          0/8192            0/819200   ( 0.0%) 
leafwaterdata            0/32768           0/393216   ( 0.0%) 
waterstrips            110/32768        1100/327680   ( 0.3%) 
waterverts               0/65536           0/786432   ( 0.0%) 
waterindices          1632/65536        3264/131072   ( 2.5%) 
cubemapsamples           1/1024           16/16384    ( 0.1%) 
overlays                 8/512          2816/180224   ( 1.6%) 
LDR lightdata         [variable]      251260/0        ( 0.0%) 
HDR lightdata         [variable]           0/0        ( 0.0%) 
visdata               [variable]       48843/16777216 ( 0.3%) 
entdata               [variable]       10900/393216   ( 2.8%) 
LDR ambient table      996/65536        3984/262144   ( 1.5%) 
HDR ambient table      996/65536        3984/262144   ( 1.5%) 
LDR leaf ambient      3716/65536      104048/1835008  ( 5.7%) 
HDR leaf ambient       996/65536       27888/1835008  ( 1.5%) 
occluders                0/0               0/0        ( 0.0%) 
occluder polygons        0/0               0/0        ( 0.0%) 
occluder vert ind        0/0               0/0        ( 0.0%) 
detail props          [variable]           1/12       ( 8.3%) 
static props          [variable]           1/4114     ( 0.0%) 
pakfile               [variable]      149736/0        ( 0.0%) 
physics               [variable]      120082/4194304  ( 2.9%) 
physics terrain       [variable]           2/1048576  ( 0.0%) 

Level flags = 0

Total triangle count: 1583
Writing c:\program files (x86)\steam\steamapps\common\portal 2\sdk_content\maps\lastataperture_mod\maps\prefabs_or_instances\elevator_rooms\elevator_room_standart_arrive.bsp
6 seconds elapsed



materialPath: C:\Program Files (x86)\Steam\steamapps\common\Portal 2\portal2\materials
Loading C:\Program Files (x86)\Steam\steamapps\common\Portal 2\sdk_content\maps\lastataperture_mod\maps\prefabs_or_instances\elevator_rooms\elevator_room_standart_arrive.vmf
ConVarRef gpu_level doesn't point to an existing ConVar
fixing up env_cubemap materials on brush sides...
0...1...2...3...4...5...6...7...8...9...100...1...2...3...4...5...6...7...8...9...10Processing areas...done (0)
Building Faces...done (0)
Chop Details...done (0)
Find Visible Detail Sides...
Merged 84 detail faces...done (0)
Merging details...done (0)
FixTjuncs...
PruneNodes...
WriteBSP...
done (0)
writing C:\Program Files (x86)\Steam\steamapps\common\Portal 2\sdk_content\maps\lastataperture_mod\maps\prefabs_or_instances\elevator_rooms\elevator_room_standart_arrive.prt...Building visibility clusters...
done (0)
Finding displacement neighbors...
Finding lightmap sample positions...
Displacement Alpha : 0...1...2...3...4...5...6...7...8...9...10
Building Physics collision data...
done (0) (120082 bytes)
Placing detail props : 0...1...2...3...4...5...6...7...8...9...10
Compacting texture/material tables...
Reduced 645 texinfos to 173
Reduced 26 texdatas to 24 (750 bytes to 696)
Writing C:\Program Files (x86)\Steam\steamapps\common\Portal 2\sdk_content\maps\lastataperture_mod\maps\prefabs_or_instances\elevator_rooms\elevator_room_standart_arrive.bsp

nummapplanes:     (  1448 / 65536 )
nummapbrushes:    (   349 /  8192 )
nummapbrushsides: (  2713 / 65536 )
num_map_overlays: (     8 /   512 )
nummodels:        (    17 /  1024 )
num_entities:     (    45 / 16384 )

1 second elapsed



2 threads
reading c:\program files (x86)\steam\steamapps\common\portal 2\sdk_content\maps\lastataperture_mod\maps\prefabs_or_instances\elevator_rooms\elevator_room_standart_arrive.bsp
reading c:\program files (x86)\steam\steamapps\common\portal 2\sdk_content\maps\lastataperture_mod\maps\prefabs_or_instances\elevator_rooms\elevator_room_standart_arrive.prt
 425 portalclusters
1459 numportals
0...1...2...3...4...5...6...7...8...9...100...1...2...3...4...5...6...7...8...9...10Optimized: 420 visible clusters (0.00%)
Total clusters visible: 86229
Average clusters visible: 202
Building PAS...
Average clusters audible: 422
visdatasize:48843  compressed from 47600
writing c:\program files (x86)\steam\steamapps\common\portal 2\sdk_content\maps\lastataperture_mod\maps\prefabs_or_instances\elevator_rooms\elevator_room_standart_arrive.bsp
19 seconds elapsed



[Reading texlights from 'lights.rad']
[59 texlights parsed from 'lights.rad']

Loading c:\program files (x86)\steam\steamapps\common\portal 2\sdk_content\maps\lastataperture_mod\maps\prefabs_or_instances\elevator_rooms\elevator_room_standart_arrive.bsp
576 faces
15 degenerate faces
137027 square feet [19731936.00 square inches]
0 Displacements
0 Square Feet [0.00 Square Inches]
561 patches before subdivision
2977 patches after subdivision
16 direct lights
0...1...2...3...4...5...6...7...8...9...100...1...2...3...4...5...6...7...8...9...10transfers 254260, max 276
transfer lists:   1.9 megs
0...1...2...3...4...5...6...7...8...9...10	Bounce #1 added RGB(6747, 6811, 6325)
0...1...2...3...4...5...6...7...8...9...10	Bounce #2 added RGB(3050, 3080, 2863)
0...1...2...3...4...5...6...7...8...9...10	Bounce #3 added RGB(1387, 1401, 1304)
0...1...2...3...4...5...6...7...8...9...10	Bounce #4 added RGB(634, 641, 597)
0...1...2...3...4...5...6...7...8...9...10	Bounce #5 added RGB(290, 293, 273)
0...1...2...3...4...5...6...7...8...9...10	Bounce #6 added RGB(133, 134, 125)
0...1...2...3...4...5...6...7...8...9...10	Bounce #7 added RGB(61, 62, 58)
0...1...2...3...4...5...6...7...8...9...10	Bounce #8 added RGB(28, 28, 26)
0...1...2...3...4...5...6...7...8...9...10	Bounce #9 added RGB(13, 13, 12)
0...1...2...3...4...5...6...7...8...9...10	Bounce #10 added RGB(6, 6, 6)
0...1...2...3...4...5...6...7...8...9...10	Bounce #11 added RGB(3, 3, 3)
0...1...2...3...4...5...6...7...8...9...10	Bounce #12 added RGB(1, 1, 1)
0...1...2...3...4...5...6...7...8...9...10	Bounce #13 added RGB(1, 1, 1)
Build Patch/Sample Hash Table(s).....Done<0.0008 sec>
0...1...2...3...4...5...6...7...8...9...10FinalLightFace Done
2 of 2 (100% of) surface lights went in leaf ambient cubes.
0...1...2...3...4...5...6...7...8...9...10Writing leaf ambient...done
Ready to Finish

Object names       Objects/Maxobjs  Memory / Maxmem  Fullness 
------------       ---------------  ---------------  -------- 
models                  17/1024          816/49152    ( 1.7%) 
brushes                349/8192         4188/98304    ( 4.3%) 
brushsides            2714/65536       21712/524288   ( 4.1%) 
planes                1448/65536       28960/1310720  ( 2.2%) 
vertexes              2134/65536       25608/786432   ( 3.3%) 
nodes                  978/65536       31296/2097152  ( 1.5%) 
texinfos               173/12288       12456/884736   ( 1.4%) 
texdata                 24/2048          768/65536    ( 1.2%) 
dispinfos                0/0               0/0        ( 0.0%) 
disp_verts               0/0               0/0        ( 0.0%) 
disp_tris                0/0               0/0        ( 0.0%) 
disp_multiblend          0/0               0/0        ( 0.0%) 
disp_lmsamples           0/0               0/0        ( 0.0%) 
faces                  576/65536       32256/3670016  ( 0.9%) 
hdr faces                0/65536           0/3670016  ( 0.0%) 
origfaces              295/65536       16520/3670016  ( 0.5%) 
facebrushes            285/0             570/0        ( 0.0%) 
facebrushlists         576/0            2304/0        ( 0.0%) 
leaves                 996/65536       31872/2097152  ( 1.5%) 
leaffaces              726/65536        1452/131072   ( 1.1%) 
leafbrushes           1011/65536        2022/131072   ( 1.5%) 
areas                    2/256            16/2048     ( 0.8%) 
surfedges             3940/512000      15760/2048000  ( 0.8%) 
edges                 2615/256000      10460/1024000  ( 1.0%) 
LDR worldlights         16/8192         1600/819200   ( 0.2%) 
HDR worldlights          0/8192            0/819200   ( 0.0%) 
leafwaterdata            0/32768           0/393216   ( 0.0%) 
waterstrips            110/32768        1100/327680   ( 0.3%) 
waterverts               0/65536           0/786432   ( 0.0%) 
waterindices          1632/65536        3264/131072   ( 2.5%) 
cubemapsamples           1/1024           16/16384    ( 0.1%) 
overlays                 8/512          2816/180224   ( 1.6%) 
LDR lightdata         [variable]      251260/0        ( 0.0%) 
HDR lightdata         [variable]           0/0        ( 0.0%) 
visdata               [variable]       48843/16777216 ( 0.3%) 
entdata               [variable]       10931/393216   ( 2.8%) 
LDR ambient table      996/65536        3984/262144   ( 1.5%) 
HDR ambient table      996/65536        3984/262144   ( 1.5%) 
LDR leaf ambient      3716/65536      104048/1835008  ( 5.7%) 
HDR leaf ambient       996/65536       27888/1835008  ( 1.5%) 
occluders                0/0               0/0        ( 0.0%) 
occluder polygons        0/0               0/0        ( 0.0%) 
occluder vert ind        0/0               0/0        ( 0.0%) 
detail props          [variable]           1/12       ( 8.3%) 
static props          [variable]           1/4114     ( 0.0%) 
pakfile               [variable]      149736/0        ( 0.0%) 
physics               [variable]      120082/4194304  ( 2.9%) 
physics terrain       [variable]           2/1048576  ( 0.0%) 

Level flags = 0

Total triangle count: 1583
Writing c:\program files (x86)\steam\steamapps\common\portal 2\sdk_content\maps\lastataperture_mod\maps\prefabs_or_instances\elevator_rooms\elevator_room_standart_arrive.bsp
6 seconds elapsed



materialPath: C:\Program Files (x86)\Steam\steamapps\common\Portal 2\portal2\materials
Loading C:\Program Files (x86)\Steam\steamapps\common\Portal 2\sdk_content\maps\lastataperture_mod\maps\prefabs_or_instances\elevator_rooms\elevator_room_standart_arrive.vmf
ConVarRef gpu_level doesn't point to an existing ConVar
fixing up env_cubemap materials on brush sides...
0...1...2...3...4...5...6...7...8...9...100...1...2...3...4...5...6...7...8...9...10Processing areas...done (0)
Building Faces...done (0)
Chop Details...done (0)
Find Visible Detail Sides...
Merged 84 detail faces...done (0)
Merging details...done (0)
FixTjuncs...
PruneNodes...
WriteBSP...
done (0)
writing C:\Program Files (x86)\Steam\steamapps\common\Portal 2\sdk_content\maps\lastataperture_mod\maps\prefabs_or_instances\elevator_rooms\elevator_room_standart_arrive.prt...Building visibility clusters...
done (0)
Finding displacement neighbors...
Finding lightmap sample positions...
Displacement Alpha : 0...1...2...3...4...5...6...7...8...9...10
Building Physics collision data...
done (0) (120082 bytes)
Placing detail props : 0...1...2...3...4...5...6...7...8...9...10
Compacting texture/material tables...
Reduced 645 texinfos to 173
Reduced 26 texdatas to 24 (750 bytes to 696)
Writing C:\Program Files (x86)\Steam\steamapps\common\Portal 2\sdk_content\maps\lastataperture_mod\maps\prefabs_or_instances\elevator_rooms\elevator_room_standart_arrive.bsp

nummapplanes:     (  1448 / 65536 )
nummapbrushes:    (   349 /  8192 )
nummapbrushsides: (  2713 / 65536 )
num_map_overlays: (     8 /   512 )
nummodels:        (    17 /  1024 )
num_entities:     (    45 / 16384 )

1 second elapsed



2 threads
reading c:\program files (x86)\steam\steamapps\common\portal 2\sdk_content\maps\lastataperture_mod\maps\prefabs_or_instances\elevator_rooms\elevator_room_standart_arrive.bsp
reading c:\program files (x86)\steam\steamapps\common\portal 2\sdk_content\maps\lastataperture_mod\maps\prefabs_or_instances\elevator_rooms\elevator_room_standart_arrive.prt
 425 portalclusters
1459 numportals
0...1...2...3...4...5...6...7...8...9...100...1...2...3...4...5...6...7...8...9...10Optimized: 420 visible clusters (0.00%)
Total clusters visible: 86229
Average clusters visible: 202
Building PAS...
Average clusters audible: 422
visdatasize:48843  compressed from 47600
writing c:\program files (x86)\steam\steamapps\common\portal 2\sdk_content\maps\lastataperture_mod\maps\prefabs_or_instances\elevator_rooms\elevator_room_standart_arrive.bsp
19 seconds elapsed



[Reading texlights from 'lights.rad']
[59 texlights parsed from 'lights.rad']

Loading c:\program files (x86)\steam\steamapps\common\portal 2\sdk_content\maps\lastataperture_mod\maps\prefabs_or_instances\elevator_rooms\elevator_room_standart_arrive.bsp
576 faces
15 degenerate faces
137027 square feet [19731936.00 square inches]
0 Displacements
0 Square Feet [0.00 Square Inches]
561 patches before subdivision
2977 patches after subdivision
16 direct lights
0...1...2...3...4...5...6...7...8...9...100...1...2...3...4...5...6...7...8...9...10transfers 377390, max 381
transfer lists:   2.9 megs
0...1...2...3...4...5...6...7...8...9...10	Bounce #1 added RGB(7561, 7626, 7045)
0...1...2...3...4...5...6...7...8...9...10	Bounce #2 added RGB(3389, 3420, 3162)
0...1...2...3...4...5...6...7...8...9...10	Bounce #3 added RGB(1542, 1557, 1442)
0...1...2...3...4...5...6...7...8...9...10	Bounce #4 added RGB(708, 715, 662)
0...1...2...3...4...5...6...7...8...9...10	Bounce #5 added RGB(325, 328, 304)
0...1...2...3...4...5...6...7...8...9...10	Bounce #6 added RGB(149, 151, 140)
0...1...2...3...4...5...6...7...8...9...10	Bounce #7 added RGB(69, 69, 64)
0...1...2...3...4...5...6...7...8...9...10	Bounce #8 added RGB(32, 32, 30)
0...1...2...3...4...5...6...7...8...9...10	Bounce #9 added RGB(15, 15, 14)
0...1...2...3...4...5...6...7...8...9...10	Bounce #10 added RGB(7, 7, 6)
0...1...2...3...4...5...6...7...8...9...10	Bounce #11 added RGB(3, 3, 3)
0...1...2...3...4...5...6...7...8...9...10	Bounce #12 added RGB(1, 1, 1)
0...1...2...3...4...5...6...7...8...9...10	Bounce #13 added RGB(1, 1, 1)
Build Patch/Sample Hash Table(s).....Done<0.0009 sec>
0...1...2...3...4...5...6...7...8...9...10FinalLightFace Done
2 of 2 (100% of) surface lights went in leaf ambient cubes.
0...1...2...3...4...5...6...7...8...9...10Writing leaf ambient...done
Ready to Finish

Object names       Objects/Maxobjs  Memory / Maxmem  Fullness 
------------       ---------------  ---------------  -------- 
models                  17/1024          816/49152    ( 1.7%) 
brushes                349/8192         4188/98304    ( 4.3%) 
brushsides            2714/65536       21712/524288   ( 4.1%) 
planes                1448/65536       28960/1310720  ( 2.2%) 
vertexes              2134/65536       25608/786432   ( 3.3%) 
nodes                  978/65536       31296/2097152  ( 1.5%) 
texinfos               173/12288       12456/884736   ( 1.4%) 
texdata                 24/2048          768/65536    ( 1.2%) 
dispinfos                0/0               0/0        ( 0.0%) 
disp_verts               0/0               0/0        ( 0.0%) 
disp_tris                0/0               0/0        ( 0.0%) 
disp_multiblend          0/0               0/0        ( 0.0%) 
disp_lmsamples           0/0               0/0        ( 0.0%) 
faces                  576/65536       32256/3670016  ( 0.9%) 
hdr faces                0/65536           0/3670016  ( 0.0%) 
origfaces              295/65536       16520/3670016  ( 0.5%) 
facebrushes            285/0             570/0        ( 0.0%) 
facebrushlists         576/0            2304/0        ( 0.0%) 
leaves                 996/65536       31872/2097152  ( 1.5%) 
leaffaces              726/65536        1452/131072   ( 1.1%) 
leafbrushes           1011/65536        2022/131072   ( 1.5%) 
areas                    2/256            16/2048     ( 0.8%) 
surfedges             3940/512000      15760/2048000  ( 0.8%) 
edges                 2615/256000      10460/1024000  ( 1.0%) 
LDR worldlights         16/8192         1600/819200   ( 0.2%) 
HDR worldlights          0/8192            0/819200   ( 0.0%) 
leafwaterdata            0/32768           0/393216   ( 0.0%) 
waterstrips            110/32768        1100/327680   ( 0.3%) 
waterverts               0/65536           0/786432   ( 0.0%) 
waterindices          1632/65536        3264/131072   ( 2.5%) 
cubemapsamples           1/1024           16/16384    ( 0.1%) 
overlays                 8/512          2816/180224   ( 1.6%) 
LDR lightdata         [variable]      251260/0        ( 0.0%) 
HDR lightdata         [variable]           0/0        ( 0.0%) 
visdata               [variable]       48843/16777216 ( 0.3%) 
entdata               [variable]       10931/393216   ( 2.8%) 
LDR ambient table      996/65536        3984/262144   ( 1.5%) 
HDR ambient table      996/65536        3984/262144   ( 1.5%) 
LDR leaf ambient      3712/65536      103936/1835008  ( 5.7%) 
HDR leaf ambient       996/65536       27888/1835008  ( 1.5%) 
occluders                0/0               0/0        ( 0.0%) 
occluder polygons        0/0               0/0        ( 0.0%) 
occluder vert ind        0/0               0/0        ( 0.0%) 
detail props          [variable]           1/12       ( 8.3%) 
static props          [variable]           1/4114     ( 0.0%) 
pakfile               [variable]      149736/0        ( 0.0%) 
physics               [variable]      120082/4194304  ( 2.9%) 
physics terrain       [variable]           2/1048576  ( 0.0%) 

Level flags = 0

Total triangle count: 1583
Writing c:\program files (x86)\steam\steamapps\common\portal 2\sdk_content\maps\lastataperture_mod\maps\prefabs_or_instances\elevator_rooms\elevator_room_standart_arrive.bsp
5 seconds elapsed



materialPath: E:\Steam\steamapps\common\Portal 2\portal2\materials
Loading E:\Steam\steamapps\common\Portal 2\sdk_content\maps\instances\elevator_rooms\elevator_room_standart_arrive.vmf
ConVarRef gpu_level doesn't point to an existing ConVar
fixing up env_cubemap materials on brush sides...
0...1...2...3...4...5...6...7...8...9...10**** leaked ****
Entity prop_static (-0.23 -0.26 388.00) leaked!

FindPortalSide: Couldn't find a good match for which brush to assign to a portal near (105.9 81.1 -48.0)
Leaf 0 contents: CONTENTS_SOLID 
Leaf 1 contents: CONTENTS_SOLID CONTENTS_GRATE CONTENTS_TRANSLUCENT 
viscontents (node 0 contents ^ node 1 contents): CONTENTS_GRATE 
This means that none of the brushes in leaf 0 or 1 that touches the portal has CONTENTS_GRATE 
Check for a huge brush enclosing the coordinates above that has contents CONTENTS_GRATE 
Candidate brush IDs: Brush 5746: 


FindPortalSide: Couldn't find a good match for which brush to assign to a portal near (51.1 123.5 -48.0)
Leaf 0 contents: CONTENTS_SOLID CONTENTS_GRATE CONTENTS_TRANSLUCENT 
Leaf 1 contents: CONTENTS_SOLID 
viscontents (node 0 contents ^ node 1 contents): CONTENTS_GRATE 
This means that none of the brushes in leaf 0 or 1 that touches the portal has CONTENTS_GRATE 
Check for a huge brush enclosing the coordinates above that has contents CONTENTS_GRATE 
Candidate brush IDs: Brush 5747: 


FindPortalSide: Couldn't find a good match for which brush to assign to a portal near (114.0 66.5 -48.0)
Leaf 0 contents: CONTENTS_SOLID CONTENTS_GRATE CONTENTS_TRANSLUCENT 
Leaf 1 contents: CONTENTS_SOLID 
viscontents (node 0 contents ^ node 1 contents): CONTENTS_GRATE 
This means that none of the brushes in leaf 0 or 1 that touches the portal has CONTENTS_GRATE 
Check for a huge brush enclosing the coordinates above that has contents CONTENTS_GRATE 
Candidate brush IDs: Brush 5746: 


FindPortalSide: Couldn't find a good match for which brush to assign to a portal near (123.4 51.3 -48.0)
Leaf 0 contents: CONTENTS_SOLID CONTENTS_GRATE CONTENTS_TRANSLUCENT 
Leaf 1 contents: CONTENTS_SOLID 
viscontents (node 0 contents ^ node 1 contents): CONTENTS_GRATE 
This means that none of the brushes in leaf 0 or 1 that touches the portal has CONTENTS_GRATE 
Check for a huge brush enclosing the coordinates above that has contents CONTENTS_GRATE 
Candidate brush IDs: Brush 5746: 


FindPortalSide: Couldn't find a good match for which brush to assign to a portal near (-119.6 91.4 -48.0)
Leaf 0 contents: CONTENTS_SOLID 
Leaf 1 contents: CONTENTS_SOLID CONTENTS_GRATE CONTENTS_TRANSLUCENT 
viscontents (node 0 contents ^ node 1 contents): CONTENTS_GRATE 
This means that none of the brushes in leaf 0 or 1 that touches the portal has CONTENTS_GRATE 
Check for a huge brush enclosing the coordinates above that has contents CONTENTS_GRATE 
Candidate brush IDs: Brush 5745: 


FindPortalSide: Couldn't find a good match for which brush to assign to a portal near (-107.0 81.8 -48.0)
Leaf 0 contents: CONTENTS_SOLID 
Leaf 1 contents: CONTENTS_SOLID CONTENTS_GRATE CONTENTS_TRANSLUCENT 
viscontents (node 0 contents ^ node 1 contents): CONTENTS_GRATE 
This means that none of the brushes in leaf 0 or 1 that touches the portal has CONTENTS_GRATE 
Check for a huge brush enclosing the coordinates above that has contents CONTENTS_GRATE 
Candidate brush IDs: Brush 5745: 


FindPortalSide: Couldn't find a good match for which brush to assign to a portal near (-51.4 123.5 -48.0)
Leaf 0 contents: CONTENTS_SOLID 
Leaf 1 contents: CONTENTS_SOLID CONTENTS_GRATE CONTENTS_TRANSLUCENT 
viscontents (node 0 contents ^ node 1 contents): CONTENTS_GRATE 
This means that none of the brushes in leaf 0 or 1 that touches the portal has CONTENTS_GRATE 
Check for a huge brush enclosing the coordinates above that has contents CONTENTS_GRATE 
Candidate brush IDs: Brush 5747: 


FindPortalSide: Couldn't find a good match for which brush to assign to a portal near (-88.5 115.4 -48.0)
Leaf 0 contents: CONTENTS_SOLID CONTENTS_GRATE CONTENTS_TRANSLUCENT 
Leaf 1 contents: CONTENTS_SOLID 
viscontents (node 0 contents ^ node 1 contents): CONTENTS_GRATE 
This means that none of the brushes in leaf 0 or 1 that touches the portal has CONTENTS_GRATE 
Check for a huge brush enclosing the coordinates above that has contents CONTENTS_GRATE 
Candidate brush IDs: Brush 5745: 

*** Suppressing further FindPortalSide errors.... ***
Processing areas...done (0)
Building Faces...done (0)
Chop Details...done (0)
Find Visible Detail Sides...
Merged 84 detail faces...done (0)
Merging details...done (0)
FixTjuncs...
PruneNodes...
WriteBSP...
done (0)
Finding displacement neighbors...
Finding lightmap sample positions...
Displacement Alpha : 0...1...2...3...4...5...6...7...8...9...10
Building Physics collision data...
done (1) (117965 bytes)
Placing detail props : 0...1...2...3...4...5...6...7...8...9...10
Compacting texture/material tables...
Reduced 639 texinfos to 172
Reduced 25 texdatas to 23 (732 bytes to 678)
Writing E:\Steam\steamapps\common\Portal 2\sdk_content\maps\instances\elevator_rooms\elevator_room_standart_arrive.bsp

nummapplanes:     (  1422 / 65536 )
nummapbrushes:    (   343 /  8192 )
nummapbrushsides: (  2677 / 65536 )
num_map_overlays: (     8 /   512 )
nummodels:        (    17 /  1024 )
num_entities:     (    46 / 16384 )

1 second elapsed



4 threads
reading e:\steam\steamapps\common\portal 2\sdk_content\maps\instances\elevator_rooms\elevator_room_standart_arrive.bsp
reading e:\steam\steamapps\common\portal 2\sdk_content\maps\instances\elevator_rooms\elevator_room_standart_arrive.prt
LoadPortals: couldn't read e:\steam\steamapps\common\portal 2\sdk_content\maps\instances\elevator_rooms\elevator_room_standart_arrive.prt
