


materialPath: E:\Steam\steamapps\common\Portal 2\portal2\materials
Loading E:\Steam\steamapps\common\Portal 2\sdk_content\maps\instances\elevator_rooms\elevator_room_bts_surface_elevator_arrive.vmf
ConVarRef gpu_level doesn't point to an existing ConVar
fixing up env_cubemap materials on brush sides...
0...1...2...3...4...5...6...7...8...9...10**** leaked ****
Entity prop_static (-0.23 -0.26 388.00) leaked!

FindPortalSide: Couldn't find a good match for which brush to assign to a portal near (98.4 86.4 -48.0)
Leaf 0 contents: CONTENTS_SOLID 
Leaf 1 contents: CONTENTS_SOLID CONTENTS_GRATE CONTENTS_TRANSLUCENT 
viscontents (node 0 contents ^ node 1 contents): CONTENTS_GRATE 
This means that none of the brushes in leaf 0 or 1 that touches the portal has CONTENTS_GRATE 
Check for a huge brush enclosing the coordinates above that has contents CONTENTS_GRATE 
Candidate brush IDs: Brush 1810: 


FindPortalSide: Couldn't find a good match for which brush to assign to a portal near (86.3 98.5 -48.0)
Leaf 0 contents: CONTENTS_SOLID 
Leaf 1 contents: CONTENTS_SOLID CONTENTS_GRATE CONTENTS_TRANSLUCENT 
viscontents (node 0 contents ^ node 1 contents): CONTENTS_GRATE 
This means that none of the brushes in leaf 0 or 1 that touches the portal has CONTENTS_GRATE 
Check for a huge brush enclosing the coordinates above that has contents CONTENTS_GRATE 
Candidate brush IDs: Brush 1810: 


FindPortalSide: Couldn't find a good match for which brush to assign to a portal near (81.6 106.9 -48.0)
Leaf 0 contents: CONTENTS_SOLID CONTENTS_GRATE CONTENTS_TRANSLUCENT 
Leaf 1 contents: CONTENTS_SOLID 
viscontents (node 0 contents ^ node 1 contents): CONTENTS_GRATE 
This means that none of the brushes in leaf 0 or 1 that touches the portal has CONTENTS_GRATE 
Check for a huge brush enclosing the coordinates above that has contents CONTENTS_GRATE 
Candidate brush IDs: Brush 1810: 


FindPortalSide: Couldn't find a good match for which brush to assign to a portal near (123.4 41.0 -48.0)
Leaf 0 contents: CONTENTS_SOLID 
Leaf 1 contents: CONTENTS_SOLID CONTENTS_GRATE CONTENTS_TRANSLUCENT 
viscontents (node 0 contents ^ node 1 contents): CONTENTS_GRATE 
This means that none of the brushes in leaf 0 or 1 that touches the portal has CONTENTS_GRATE 
Check for a huge brush enclosing the coordinates above that has contents CONTENTS_GRATE 
Candidate brush IDs: Brush 1810: 


FindPortalSide: Couldn't find a good match for which brush to assign to a portal near (91.4 119.5 -48.0)
Leaf 0 contents: CONTENTS_SOLID CONTENTS_GRATE CONTENTS_TRANSLUCENT 
Leaf 1 contents: CONTENTS_SOLID 
viscontents (node 0 contents ^ node 1 contents): CONTENTS_GRATE 
This means that none of the brushes in leaf 0 or 1 that touches the portal has CONTENTS_GRATE 
Check for a huge brush enclosing the coordinates above that has contents CONTENTS_GRATE 
Candidate brush IDs: Brush 1810: 


FindPortalSide: Couldn't find a good match for which brush to assign to a portal near (118.6 90.9 -48.0)
Leaf 0 contents: CONTENTS_SOLID CONTENTS_GRATE CONTENTS_TRANSLUCENT 
Leaf 1 contents: CONTENTS_SOLID 
viscontents (node 0 contents ^ node 1 contents): CONTENTS_GRATE 
This means that none of the brushes in leaf 0 or 1 that touches the portal has CONTENTS_GRATE 
Check for a huge brush enclosing the coordinates above that has contents CONTENTS_GRATE 
Candidate brush IDs: Brush 1810: 


FindPortalSide: Couldn't find a good match for which brush to assign to a portal near (114.0 66.5 -48.0)
Leaf 0 contents: CONTENTS_SOLID CONTENTS_GRATE CONTENTS_TRANSLUCENT 
Leaf 1 contents: CONTENTS_SOLID 
viscontents (node 0 contents ^ node 1 contents): CONTENTS_GRATE 
This means that none of the brushes in leaf 0 or 1 that touches the portal has CONTENTS_GRATE 
Check for a huge brush enclosing the coordinates above that has contents CONTENTS_GRATE 
Candidate brush IDs: Brush 1810: 


FindPortalSide: Couldn't find a good match for which brush to assign to a portal near (123.4 51.3 -48.0)
Leaf 0 contents: CONTENTS_SOLID CONTENTS_GRATE CONTENTS_TRANSLUCENT 
Leaf 1 contents: CONTENTS_SOLID 
viscontents (node 0 contents ^ node 1 contents): CONTENTS_GRATE 
This means that none of the brushes in leaf 0 or 1 that touches the portal has CONTENTS_GRATE 
Check for a huge brush enclosing the coordinates above that has contents CONTENTS_GRATE 
Candidate brush IDs: Brush 1810: 

*** Suppressing further FindPortalSide errors.... ***
Processing areas...done (0)
Building Faces...done (0)
FixTjuncs...
PruneNodes...
WriteBSP...
done (0)
Finding displacement neighbors...
Finding lightmap sample positions...
Displacement Alpha : 0...1...2...3...4...5...6...7...8...9...10
Building Physics collision data...
done (0) (66662 bytes)
Placing detail props : 0...1...2...3...4...5...6...7...8...9...10
Compacting texture/material tables...
Reduced 435 texinfos to 162
Reduced 35 texdatas to 32 (1063 bytes to 985)
Writing E:\Steam\steamapps\common\Portal 2\sdk_content\maps\instances\elevator_rooms\elevator_room_bts_surface_elevator_arrive.bsp

nummapplanes:     (  1536 / 65536 )
nummapbrushes:    (   177 /  8192 )
nummapbrushsides: (  1640 / 65536 )
num_map_overlays: (    13 /   512 )
nummodels:        (     3 /  1024 )
num_entities:     (    41 / 16384 )

1 second elapsed



4 threads
reading e:\steam\steamapps\common\portal 2\sdk_content\maps\instances\elevator_rooms\elevator_room_bts_surface_elevator_arrive.bsp
reading e:\steam\steamapps\common\portal 2\sdk_content\maps\instances\elevator_rooms\elevator_room_bts_surface_elevator_arrive.prt
LoadPortals: couldn't read e:\steam\steamapps\common\portal 2\sdk_content\maps\instances\elevator_rooms\elevator_room_bts_surface_elevator_arrive.prt
