


materialPath: E:\Steam\steamapps\common\Portal 2\portal2\materials
Loading E:\Steam\steamapps\common\Portal 2\sdk_content\maps\instances\elevator_rooms\elevator_room_bts_arrive.vmf
ConVarRef gpu_level doesn't point to an existing ConVar
fixing up env_cubemap materials on brush sides...
0...1...2...3...4...5...6...7...8...9...10**** leaked ****
Entity prop_static (-0.23 -0.26 388.00) leaked!

FindPortalSide: Couldn't find a good match for which brush to assign to a portal near (105.9 81.1 -48.0)
Leaf 0 contents: CONTENTS_SOLID 
Leaf 1 contents: CONTENTS_SOLID CONTENTS_GRATE CONTENTS_TRANSLUCENT 
viscontents (node 0 contents ^ node 1 contents): CONTENTS_GRATE 
This means that none of the brushes in leaf 0 or 1 that touches the portal has CONTENTS_GRATE 
Check for a huge brush enclosing the coordinates above that has contents CONTENTS_GRATE 
Candidate brush IDs: Brush 1810: 


FindPortalSide: Couldn't find a good match for which brush to assign to a portal near (94.7 93.9 -48.0)
Leaf 0 contents: CONTENTS_SOLID 
Leaf 1 contents: CONTENTS_SOLID CONTENTS_GRATE CONTENTS_TRANSLUCENT 
viscontents (node 0 contents ^ node 1 contents): CONTENTS_GRATE 
This means that none of the brushes in leaf 0 or 1 that touches the portal has CONTENTS_GRATE 
Check for a huge brush enclosing the coordinates above that has contents CONTENTS_GRATE 
Candidate brush IDs: Brush 1810: 


FindPortalSide: Couldn't find a good match for which brush to assign to a portal near (119.4 91.6 -48.0)
Leaf 0 contents: CONTENTS_SOLID CONTENTS_GRATE CONTENTS_TRANSLUCENT 
Leaf 1 contents: CONTENTS_SOLID 
viscontents (node 0 contents ^ node 1 contents): CONTENTS_GRATE 
This means that none of the brushes in leaf 0 or 1 that touches the portal has CONTENTS_GRATE 
Check for a huge brush enclosing the coordinates above that has contents CONTENTS_GRATE 
Candidate brush IDs: Brush 1810: 


FindPortalSide: Couldn't find a good match for which brush to assign to a portal near (88.2 115.4 -48.0)
Leaf 0 contents: CONTENTS_SOLID CONTENTS_GRATE CONTENTS_TRANSLUCENT 
Leaf 1 contents: CONTENTS_SOLID 
viscontents (node 0 contents ^ node 1 contents): CONTENTS_GRATE 
This means that none of the brushes in leaf 0 or 1 that touches the portal has CONTENTS_GRATE 
Check for a huge brush enclosing the coordinates above that has contents CONTENTS_GRATE 
Candidate brush IDs: Brush 1810: 


FindPortalSide: Couldn't find a good match for which brush to assign to a portal near (114.0 66.5 -48.0)
Leaf 0 contents: CONTENTS_SOLID CONTENTS_GRATE CONTENTS_TRANSLUCENT 
Leaf 1 contents: CONTENTS_SOLID 
viscontents (node 0 contents ^ node 1 contents): CONTENTS_GRATE 
This means that none of the brushes in leaf 0 or 1 that touches the portal has CONTENTS_GRATE 
Check for a huge brush enclosing the coordinates above that has contents CONTENTS_GRATE 
Candidate brush IDs: Brush 1810: 


FindPortalSide: Couldn't find a good match for which brush to assign to a portal near (123.4 51.3 -48.0)
Leaf 0 contents: CONTENTS_SOLID CONTENTS_GRATE CONTENTS_TRANSLUCENT 
Leaf 1 contents: CONTENTS_SOLID 
viscontents (node 0 contents ^ node 1 contents): CONTENTS_GRATE 
This means that none of the brushes in leaf 0 or 1 that touches the portal has CONTENTS_GRATE 
Check for a huge brush enclosing the coordinates above that has contents CONTENTS_GRATE 
Candidate brush IDs: Brush 1810: 


FindPortalSide: Couldn't find a good match for which brush to assign to a portal near (-51.4 123.5 -48.0)
Leaf 0 contents: CONTENTS_SOLID 
Leaf 1 contents: CONTENTS_SOLID CONTENTS_GRATE CONTENTS_TRANSLUCENT 
viscontents (node 0 contents ^ node 1 contents): CONTENTS_GRATE 
This means that none of the brushes in leaf 0 or 1 that touches the portal has CONTENTS_GRATE 
Check for a huge brush enclosing the coordinates above that has contents CONTENTS_GRATE 
Candidate brush IDs: Brush 1811: 


FindPortalSide: Couldn't find a good match for which brush to assign to a portal near (41.0 -123.5 -48.0)
Leaf 0 contents: CONTENTS_SOLID 
Leaf 1 contents: CONTENTS_SOLID CONTENTS_GRATE CONTENTS_TRANSLUCENT 
viscontents (node 0 contents ^ node 1 contents): CONTENTS_GRATE 
This means that none of the brushes in leaf 0 or 1 that touches the portal has CONTENTS_GRATE 
Check for a huge brush enclosing the coordinates above that has contents CONTENTS_GRATE 
Candidate brush IDs: Brush 1812: 

*** Suppressing further FindPortalSide errors.... ***
Processing areas...done (0)
Building Faces...done (0)
FixTjuncs...
PruneNodes...
WriteBSP...
done (0)
Finding displacement neighbors...
Finding lightmap sample positions...
Displacement Alpha : 0...1...2...3...4...5...6...7...8...9...10
Building Physics collision data...
done (0) (62254 bytes)
Placing detail props : 0...1...2...3...4...5...6...7...8...9...10
Compacting texture/material tables...
Reduced 397 texinfos to 134
Reduced 22 texdatas to 19 (668 bytes to 590)
Writing E:\Steam\steamapps\common\Portal 2\sdk_content\maps\instances\elevator_rooms\elevator_room_bts_arrive.bsp

nummapplanes:     (  1214 / 65536 )
nummapbrushes:    (   166 /  8192 )
nummapbrushsides: (  1463 / 65536 )
num_map_overlays: (     6 /   512 )
nummodels:        (     3 /  1024 )
num_entities:     (    30 / 16384 )

1 second elapsed



2 threads
reading e:\steam\steamapps\common\portal 2\sdk_content\maps\instances\elevator_rooms\elevator_room_bts_arrive.bsp
reading e:\steam\steamapps\common\portal 2\sdk_content\maps\instances\elevator_rooms\elevator_room_bts_arrive.prt
LoadPortals: couldn't read e:\steam\steamapps\common\portal 2\sdk_content\maps\instances\elevator_rooms\elevator_room_bts_arrive.prt
