


materialPath: C:\Program Files (x86)\Steam\steamapps\common\Portal 2\portal2\materials
Loading C:\Program Files (x86)\Steam\steamapps\common\Portal 2\sdk_content\maps\lastataperture_mod\maps\prefabs_or_instances\elevator_rooms\elevator_room_standart_depart.vmf
ConVarRef gpu_level doesn't point to an existing ConVar
fixing up env_cubemap materials on brush sides...
0...1...2...3...4...5...6...7...8...9...100...1...2...3...4...5...6...7...8...9...10Processing areas...done (0)
Building Faces...done (0)
Chop Details...done (0)
Find Visible Detail Sides...
Merged 132 detail faces...done (0)
Merging details...done (0)
FixTjuncs...
PruneNodes...
WriteBSP...
done (0)
writing C:\Program Files (x86)\Steam\steamapps\common\Portal 2\sdk_content\maps\lastataperture_mod\maps\prefabs_or_instances\elevator_rooms\elevator_room_standart_depart.prt...Building visibility clusters...
done (0)
Finding displacement neighbors...
Finding lightmap sample positions...
Displacement Alpha : 0...1...2...3...4...5...6...7...8...9...10
Building Physics collision data...
done (1) (134594 bytes)
Placing detail props : 0...1...2...3...4...5...6...7...8...9...10
Compacting texture/material tables...
Reduced 752 texinfos to 244
Reduced 27 texdatas to 25 (772 bytes to 718)
Writing C:\Program Files (x86)\Steam\steamapps\common\Portal 2\sdk_content\maps\lastataperture_mod\maps\prefabs_or_instances\elevator_rooms\elevator_room_standart_depart.bsp

nummapplanes:     (  1600 / 65536 )
nummapbrushes:    (   397 /  8192 )
nummapbrushsides: (  3050 / 65536 )
num_map_overlays: (     7 /   512 )
nummodels:        (    21 /  1024 )
num_entities:     (    81 / 16384 )

1 second elapsed



2 threads
reading c:\program files (x86)\steam\steamapps\common\portal 2\sdk_content\maps\lastataperture_mod\maps\prefabs_or_instances\elevator_rooms\elevator_room_standart_depart.bsp
reading c:\program files (x86)\steam\steamapps\common\portal 2\sdk_content\maps\lastataperture_mod\maps\prefabs_or_instances\elevator_rooms\elevator_room_standart_depart.prt
 454 portalclusters
1607 numportals
0...1...2...3...4...5...6...7...8...9...100...1...2...3...4...5...6...7...8...9...10Optimized: 1057 visible clusters (0.00%)
Total clusters visible: 111169
Average clusters visible: 244
Building PAS...
Average clusters audible: 452
visdatasize:55185  compressed from 58112
writing c:\program files (x86)\steam\steamapps\common\portal 2\sdk_content\maps\lastataperture_mod\maps\prefabs_or_instances\elevator_rooms\elevator_room_standart_depart.bsp
50 seconds elapsed



[Reading texlights from 'lights.rad']
[59 texlights parsed from 'lights.rad']

Loading c:\program files (x86)\steam\steamapps\common\portal 2\sdk_content\maps\lastataperture_mod\maps\prefabs_or_instances\elevator_rooms\elevator_room_standart_depart.bsp
706 faces
8 degenerate faces
61443 square feet [8847861.00 square inches]
0 Displacements
0 Square Feet [0.00 Square Inches]
698 patches before subdivision
zero area child patch
zero area child patch
6452 patches after subdivision
18 direct lights
0...1...2...3...4...5...6...7...8...9...100...1...2...3...4...5...6...7...8...9...10transfers 547963, max 382
transfer lists:   4.2 megs
0...1...2...3...4...5...6...7...8...9...10	Bounce #1 added RGB(7771, 7938, 7436)
0...1...2...3...4...5...6...7...8...9...10	Bounce #2 added RGB(3377, 3424, 3182)
0...1...2...3...4...5...6...7...8...9...10	Bounce #3 added RGB(1518, 1534, 1423)
0...1...2...3...4...5...6...7...8...9...10	Bounce #4 added RGB(692, 700, 648)
0...1...2...3...4...5...6...7...8...9...10	Bounce #5 added RGB(317, 320, 296)
0...1...2...3...4...5...6...7...8...9...10	Bounce #6 added RGB(145, 147, 136)
0...1...2...3...4...5...6...7...8...9...10	Bounce #7 added RGB(67, 67, 62)
0...1...2...3...4...5...6...7...8...9...10	Bounce #8 added RGB(31, 31, 29)
0...1...2...3...4...5...6...7...8...9...10	Bounce #9 added RGB(14, 14, 13)
0...1...2...3...4...5...6...7...8...9...10	Bounce #10 added RGB(6, 6, 6)
0...1...2...3...4...5...6...7...8...9...10	Bounce #11 added RGB(3, 3, 3)
0...1...2...3...4...5...6...7...8...9...10	Bounce #12 added RGB(1, 1, 1)
0...1...2...3...4...5...6...7...8...9...10	Bounce #13 added RGB(1, 1, 1)
Build Patch/Sample Hash Table(s).....Done<0.0108 sec>
0...1...2...3...4...5...6...7...8...9...10FinalLightFace Done
2 of 2 (100% of) surface lights went in leaf ambient cubes.
0...1...2...3...4...5...6...7...8...9...10Writing leaf ambient...done
Ready to Finish

Object names       Objects/Maxobjs  Memory / Maxmem  Fullness 
------------       ---------------  ---------------  -------- 
models                  21/1024         1008/49152    ( 2.1%) 
brushes                397/8192         4764/98304    ( 4.8%) 
brushsides            3051/65536       24408/524288   ( 4.7%) 
planes                1600/65536       32000/1310720  ( 2.4%) 
vertexes              2352/65536       28224/786432   ( 3.6%) 
nodes                 1035/65536       33120/2097152  ( 1.6%) 
texinfos               244/12288       17568/884736   ( 2.0%) 
texdata                 25/2048          800/65536    ( 1.2%) 
dispinfos                0/0               0/0        ( 0.0%) 
disp_verts               0/0               0/0        ( 0.0%) 
disp_tris                0/0               0/0        ( 0.0%) 
disp_multiblend          0/0               0/0        ( 0.0%) 
disp_lmsamples           0/0               0/0        ( 0.0%) 
faces                  706/65536       39536/3670016  ( 1.1%) 
hdr faces                0/65536           0/3670016  ( 0.0%) 
origfaces              439/65536       24584/3670016  ( 0.7%) 
facebrushes            281/0             562/0        ( 0.0%) 
facebrushlists         706/0            2824/0        ( 0.0%) 
leaves                1057/65536       33824/2097152  ( 1.6%) 
leaffaces              828/65536        1656/131072   ( 1.3%) 
leafbrushes           1079/65536        2158/131072   ( 1.6%) 
areas                    2/256            16/2048     ( 0.8%) 
surfedges             5088/512000      20352/2048000  ( 1.0%) 
edges                 3294/256000      13176/1024000  ( 1.3%) 
LDR worldlights         18/8192         1800/819200   ( 0.2%) 
HDR worldlights          0/8192            0/819200   ( 0.0%) 
leafwaterdata            0/32768           0/393216   ( 0.0%) 
waterstrips            132/32768        1320/327680   ( 0.4%) 
waterverts               0/65536           0/786432   ( 0.0%) 
waterindices          2067/65536        4134/131072   ( 3.2%) 
cubemapsamples           1/1024           16/16384    ( 0.1%) 
overlays                 7/512          2464/180224   ( 1.4%) 
LDR lightdata         [variable]      541744/0        ( 0.0%) 
HDR lightdata         [variable]           0/0        ( 0.0%) 
visdata               [variable]       55185/16777216 ( 0.3%) 
entdata               [variable]       24291/393216   ( 6.2%) 
LDR ambient table     1057/65536        4228/262144   ( 1.6%) 
HDR ambient table     1057/65536        4228/262144   ( 1.6%) 
LDR leaf ambient      4027/65536      112756/1835008  ( 6.1%) 
HDR leaf ambient      1057/65536       29596/1835008  ( 1.6%) 
occluders                0/0               0/0        ( 0.0%) 
occluder polygons        0/0               0/0        ( 0.0%) 
occluder vert ind        0/0               0/0        ( 0.0%) 
detail props          [variable]           1/12       ( 8.3%) 
static props          [variable]           1/8848     ( 0.0%) 
pakfile               [variable]      149736/0        ( 0.0%) 
physics               [variable]      134594/4194304  ( 3.2%) 
physics terrain       [variable]           2/1048576  ( 0.0%) 

Level flags = 0

Total triangle count: 1915
Writing c:\program files (x86)\steam\steamapps\common\portal 2\sdk_content\maps\lastataperture_mod\maps\prefabs_or_instances\elevator_rooms\elevator_room_standart_depart.bsp
7 seconds elapsed



materialPath: C:\Program Files (x86)\Steam\steamapps\common\Portal 2\portal2\materials
Loading C:\Program Files (x86)\Steam\steamapps\common\Portal 2\sdk_content\maps\lastataperture_mod\maps\prefabs_or_instances\elevator_rooms\elevator_room_standart_depart.vmf
ConVarRef gpu_level doesn't point to an existing ConVar
fixing up env_cubemap materials on brush sides...
0...1...2...3...4...5...6...7...8...9...100...1...2...3...4...5...6...7...8...9...10Processing areas...done (0)
Building Faces...done (0)
Chop Details...done (0)
Find Visible Detail Sides...
Merged 132 detail faces...done (0)
Merging details...done (0)
FixTjuncs...
PruneNodes...
WriteBSP...
done (0)
writing C:\Program Files (x86)\Steam\steamapps\common\Portal 2\sdk_content\maps\lastataperture_mod\maps\prefabs_or_instances\elevator_rooms\elevator_room_standart_depart.prt...Building visibility clusters...
done (0)
Finding displacement neighbors...
Finding lightmap sample positions...
Displacement Alpha : 0...1...2...3...4...5...6...7...8...9...10
Building Physics collision data...
done (0) (134594 bytes)
Placing detail props : 0...1...2...3...4...5...6...7...8...9...10
Compacting texture/material tables...
Reduced 752 texinfos to 244
Reduced 27 texdatas to 25 (772 bytes to 718)
Writing C:\Program Files (x86)\Steam\steamapps\common\Portal 2\sdk_content\maps\lastataperture_mod\maps\prefabs_or_instances\elevator_rooms\elevator_room_standart_depart.bsp

nummapplanes:     (  1600 / 65536 )
nummapbrushes:    (   397 /  8192 )
nummapbrushsides: (  3050 / 65536 )
num_map_overlays: (     7 /   512 )
nummodels:        (    21 /  1024 )
num_entities:     (    81 / 16384 )

2 seconds elapsed



2 threads
reading c:\program files (x86)\steam\steamapps\common\portal 2\sdk_content\maps\lastataperture_mod\maps\prefabs_or_instances\elevator_rooms\elevator_room_standart_depart.bsp
reading c:\program files (x86)\steam\steamapps\common\portal 2\sdk_content\maps\lastataperture_mod\maps\prefabs_or_instances\elevator_rooms\elevator_room_standart_depart.prt
 454 portalclusters
1607 numportals
0...1...2...3...4...5...6...7...8...9...100...1...2...3...4...5...6...7...8...9...10Optimized: 1057 visible clusters (0.00%)
Total clusters visible: 111169
Average clusters visible: 244
Building PAS...
Average clusters audible: 452
visdatasize:55185  compressed from 58112
writing c:\program files (x86)\steam\steamapps\common\portal 2\sdk_content\maps\lastataperture_mod\maps\prefabs_or_instances\elevator_rooms\elevator_room_standart_depart.bsp
50 seconds elapsed



[Reading texlights from 'lights.rad']
[59 texlights parsed from 'lights.rad']

Loading c:\program files (x86)\steam\steamapps\common\portal 2\sdk_content\maps\lastataperture_mod\maps\prefabs_or_instances\elevator_rooms\elevator_room_standart_depart.bsp
706 faces
8 degenerate faces
61443 square feet [8847861.00 square inches]
0 Displacements
0 Square Feet [0.00 Square Inches]
698 patches before subdivision
zero area child patch
zero area child patch
6452 patches after subdivision
18 direct lights
0...1...2...3...4...5...6...7...8...9...100...1...2...3...4...5...6...7...8...9...10transfers 547963, max 382
transfer lists:   4.2 megs
0...1...2...3...4...5...6...7...8...9...10	Bounce #1 added RGB(7771, 7938, 7436)
0...1...2...3...4...5...6...7...8...9...10	Bounce #2 added RGB(3377, 3424, 3182)
0...1...2...3...4...5...6...7...8...9...10	Bounce #3 added RGB(1518, 1534, 1423)
0...1...2...3...4...5...6...7...8...9...10	Bounce #4 added RGB(692, 700, 648)
0...1...2...3...4...5...6...7...8...9...10	Bounce #5 added RGB(317, 320, 296)
0...1...2...3...4...5...6...7...8...9...10	Bounce #6 added RGB(145, 147, 136)
0...1...2...3...4...5...6...7...8...9...10	Bounce #7 added RGB(67, 67, 62)
0...1...2...3...4...5...6...7...8...9...10	Bounce #8 added RGB(31, 31, 29)
0...1...2...3...4...5...6...7...8...9...10	Bounce #9 added RGB(14, 14, 13)
0...1...2...3...4...5...6...7...8...9...10	Bounce #10 added RGB(6, 6, 6)
0...1...2...3...4...5...6...7...8...9...10	Bounce #11 added RGB(3, 3, 3)
0...1...2...3...4...5...6...7...8...9...10	Bounce #12 added RGB(1, 1, 1)
0...1...2...3...4...5...6...7...8...9...10	Bounce #13 added RGB(1, 1, 1)
Build Patch/Sample Hash Table(s).....Done<0.0020 sec>
0...1...2...3...4...5...6...7...8...9...10FinalLightFace Done
2 of 2 (100% of) surface lights went in leaf ambient cubes.
0...1...2...3...4...5...6...7...8...9...10Writing leaf ambient...done
Ready to Finish

Object names       Objects/Maxobjs  Memory / Maxmem  Fullness 
------------       ---------------  ---------------  -------- 
models                  21/1024         1008/49152    ( 2.1%) 
brushes                397/8192         4764/98304    ( 4.8%) 
brushsides            3051/65536       24408/524288   ( 4.7%) 
planes                1600/65536       32000/1310720  ( 2.4%) 
vertexes              2352/65536       28224/786432   ( 3.6%) 
nodes                 1035/65536       33120/2097152  ( 1.6%) 
texinfos               244/12288       17568/884736   ( 2.0%) 
texdata                 25/2048          800/65536    ( 1.2%) 
dispinfos                0/0               0/0        ( 0.0%) 
disp_verts               0/0               0/0        ( 0.0%) 
disp_tris                0/0               0/0        ( 0.0%) 
disp_multiblend          0/0               0/0        ( 0.0%) 
disp_lmsamples           0/0               0/0        ( 0.0%) 
faces                  706/65536       39536/3670016  ( 1.1%) 
hdr faces                0/65536           0/3670016  ( 0.0%) 
origfaces              439/65536       24584/3670016  ( 0.7%) 
facebrushes            281/0             562/0        ( 0.0%) 
facebrushlists         706/0            2824/0        ( 0.0%) 
leaves                1057/65536       33824/2097152  ( 1.6%) 
leaffaces              828/65536        1656/131072   ( 1.3%) 
leafbrushes           1079/65536        2158/131072   ( 1.6%) 
areas                    2/256            16/2048     ( 0.8%) 
surfedges             5088/512000      20352/2048000  ( 1.0%) 
edges                 3294/256000      13176/1024000  ( 1.3%) 
LDR worldlights         18/8192         1800/819200   ( 0.2%) 
HDR worldlights          0/8192            0/819200   ( 0.0%) 
leafwaterdata            0/32768           0/393216   ( 0.0%) 
waterstrips            132/32768        1320/327680   ( 0.4%) 
waterverts               0/65536           0/786432   ( 0.0%) 
waterindices          2067/65536        4134/131072   ( 3.2%) 
cubemapsamples           1/1024           16/16384    ( 0.1%) 
overlays                 7/512          2464/180224   ( 1.4%) 
LDR lightdata         [variable]      541744/0        ( 0.0%) 
HDR lightdata         [variable]           0/0        ( 0.0%) 
visdata               [variable]       55185/16777216 ( 0.3%) 
entdata               [variable]       24317/393216   ( 6.2%) 
LDR ambient table     1057/65536        4228/262144   ( 1.6%) 
HDR ambient table     1057/65536        4228/262144   ( 1.6%) 
LDR leaf ambient      4027/65536      112756/1835008  ( 6.1%) 
HDR leaf ambient      1057/65536       29596/1835008  ( 1.6%) 
occluders                0/0               0/0        ( 0.0%) 
occluder polygons        0/0               0/0        ( 0.0%) 
occluder vert ind        0/0               0/0        ( 0.0%) 
detail props          [variable]           1/12       ( 8.3%) 
static props          [variable]           1/8848     ( 0.0%) 
pakfile               [variable]      149736/0        ( 0.0%) 
physics               [variable]      134594/4194304  ( 3.2%) 
physics terrain       [variable]           2/1048576  ( 0.0%) 

Level flags = 0

Total triangle count: 1915
Writing c:\program files (x86)\steam\steamapps\common\portal 2\sdk_content\maps\lastataperture_mod\maps\prefabs_or_instances\elevator_rooms\elevator_room_standart_depart.bsp
7 seconds elapsed



materialPath: C:\Program Files (x86)\Steam\steamapps\common\Portal 2\portal2\materials
Loading C:\Program Files (x86)\Steam\steamapps\common\Portal 2\sdk_content\maps\lastataperture_mod\maps\prefabs_or_instances\elevator_rooms\elevator_room_standart_depart.vmf
ConVarRef gpu_level doesn't point to an existing ConVar
fixing up env_cubemap materials on brush sides...
0...1...2...3...4...5...6...7...8...9...100...1...2...3...4...5...6...7...8...9...10Processing areas...done (0)
Building Faces...done (0)
Chop Details...done (0)
Find Visible Detail Sides...
Merged 132 detail faces...done (0)
Merging details...done (0)
FixTjuncs...
PruneNodes...
WriteBSP...
done (0)
writing C:\Program Files (x86)\Steam\steamapps\common\Portal 2\sdk_content\maps\lastataperture_mod\maps\prefabs_or_instances\elevator_rooms\elevator_room_standart_depart.prt...Building visibility clusters...
done (0)
Finding displacement neighbors...
Finding lightmap sample positions...
Displacement Alpha : 0...1...2...3...4...5...6...7...8...9...10
Building Physics collision data...
done (1) (134594 bytes)
Placing detail props : 0...1...2...3...4...5...6...7...8...9...10
Compacting texture/material tables...
Reduced 752 texinfos to 244
Reduced 27 texdatas to 25 (772 bytes to 718)
Writing C:\Program Files (x86)\Steam\steamapps\common\Portal 2\sdk_content\maps\lastataperture_mod\maps\prefabs_or_instances\elevator_rooms\elevator_room_standart_depart.bsp

nummapplanes:     (  1600 / 65536 )
nummapbrushes:    (   397 /  8192 )
nummapbrushsides: (  3050 / 65536 )
num_map_overlays: (     7 /   512 )
nummodels:        (    21 /  1024 )
num_entities:     (    82 / 16384 )

1 second elapsed



2 threads
reading c:\program files (x86)\steam\steamapps\common\portal 2\sdk_content\maps\lastataperture_mod\maps\prefabs_or_instances\elevator_rooms\elevator_room_standart_depart.bsp
reading c:\program files (x86)\steam\steamapps\common\portal 2\sdk_content\maps\lastataperture_mod\maps\prefabs_or_instances\elevator_rooms\elevator_room_standart_depart.prt
 454 portalclusters
1607 numportals
0...1...2...3...4...5...6...7...8...9...100...1...2...3...4...5...6...7...8...9...10Optimized: 1057 visible clusters (0.00%)
Total clusters visible: 111169
Average clusters visible: 244
Building PAS...
Average clusters audible: 452
visdatasize:55185  compressed from 58112
writing c:\program files (x86)\steam\steamapps\common\portal 2\sdk_content\maps\lastataperture_mod\maps\prefabs_or_instances\elevator_rooms\elevator_room_standart_depart.bsp
50 seconds elapsed



[Reading texlights from 'lights.rad']
[59 texlights parsed from 'lights.rad']

Loading c:\program files (x86)\steam\steamapps\common\portal 2\sdk_content\maps\lastataperture_mod\maps\prefabs_or_instances\elevator_rooms\elevator_room_standart_depart.bsp
706 faces
8 degenerate faces
61443 square feet [8847861.00 square inches]
0 Displacements
0 Square Feet [0.00 Square Inches]
698 patches before subdivision
zero area child patch
zero area child patch
6452 patches after subdivision
18 direct lights
0...1...2...3...4...5...6...7...8...9...100...1...2...3...4...5...6...7...8...9...10transfers 547963, max 382
transfer lists:   4.2 megs
0...1...2...3...4...5...6...7...8...9...10	Bounce #1 added RGB(7771, 7938, 7436)
0...1...2...3...4...5...6...7...8...9...10	Bounce #2 added RGB(3377, 3424, 3182)
0...1...2...3...4...5...6...7...8...9...10	Bounce #3 added RGB(1518, 1534, 1423)
0...1...2...3...4...5...6...7...8...9...10	Bounce #4 added RGB(692, 700, 648)
0...1...2...3...4...5...6...7...8...9...10	Bounce #5 added RGB(317, 320, 296)
0...1...2...3...4...5...6...7...8...9...10	Bounce #6 added RGB(145, 147, 136)
0...1...2...3...4...5...6...7...8...9...10	Bounce #7 added RGB(67, 67, 62)
0...1...2...3...4...5...6...7...8...9...10	Bounce #8 added RGB(31, 31, 29)
0...1...2...3...4...5...6...7...8...9...10	Bounce #9 added RGB(14, 14, 13)
0...1...2...3...4...5...6...7...8...9...10	Bounce #10 added RGB(6, 6, 6)
0...1...2...3...4...5...6...7...8...9...10	Bounce #11 added RGB(3, 3, 3)
0...1...2...3...4...5...6...7...8...9...10	Bounce #12 added RGB(1, 1, 1)
0...1...2...3...4...5...6...7...8...9...10	Bounce #13 added RGB(1, 1, 1)
Build Patch/Sample Hash Table(s).....Done<0.0020 sec>
0...1...2...3...4...5...6...7...8...9...10FinalLightFace Done
2 of 2 (100% of) surface lights went in leaf ambient cubes.
0...1...2...3...4...5...6...7...8...9...10Writing leaf ambient...done
Ready to Finish

Object names       Objects/Maxobjs  Memory / Maxmem  Fullness 
------------       ---------------  ---------------  -------- 
models                  21/1024         1008/49152    ( 2.1%) 
brushes                397/8192         4764/98304    ( 4.8%) 
brushsides            3051/65536       24408/524288   ( 4.7%) 
planes                1600/65536       32000/1310720  ( 2.4%) 
vertexes              2352/65536       28224/786432   ( 3.6%) 
nodes                 1035/65536       33120/2097152  ( 1.6%) 
texinfos               244/12288       17568/884736   ( 2.0%) 
texdata                 25/2048          800/65536    ( 1.2%) 
dispinfos                0/0               0/0        ( 0.0%) 
disp_verts               0/0               0/0        ( 0.0%) 
disp_tris                0/0               0/0        ( 0.0%) 
disp_multiblend          0/0               0/0        ( 0.0%) 
disp_lmsamples           0/0               0/0        ( 0.0%) 
faces                  706/65536       39536/3670016  ( 1.1%) 
hdr faces                0/65536           0/3670016  ( 0.0%) 
origfaces              439/65536       24584/3670016  ( 0.7%) 
facebrushes            281/0             562/0        ( 0.0%) 
facebrushlists         706/0            2824/0        ( 0.0%) 
leaves                1057/65536       33824/2097152  ( 1.6%) 
leaffaces              828/65536        1656/131072   ( 1.3%) 
leafbrushes           1079/65536        2158/131072   ( 1.6%) 
areas                    2/256            16/2048     ( 0.8%) 
surfedges             5088/512000      20352/2048000  ( 1.0%) 
edges                 3294/256000      13176/1024000  ( 1.3%) 
LDR worldlights         18/8192         1800/819200   ( 0.2%) 
HDR worldlights          0/8192            0/819200   ( 0.0%) 
leafwaterdata            0/32768           0/393216   ( 0.0%) 
waterstrips            132/32768        1320/327680   ( 0.4%) 
waterverts               0/65536           0/786432   ( 0.0%) 
waterindices          2067/65536        4134/131072   ( 3.2%) 
cubemapsamples           1/1024           16/16384    ( 0.1%) 
overlays                 7/512          2464/180224   ( 1.4%) 
LDR lightdata         [variable]      541744/0        ( 0.0%) 
HDR lightdata         [variable]           0/0        ( 0.0%) 
visdata               [variable]       55185/16777216 ( 0.3%) 
entdata               [variable]       24497/393216   ( 6.2%) 
LDR ambient table     1057/65536        4228/262144   ( 1.6%) 
HDR ambient table     1057/65536        4228/262144   ( 1.6%) 
LDR leaf ambient      4027/65536      112756/1835008  ( 6.1%) 
HDR leaf ambient      1057/65536       29596/1835008  ( 1.6%) 
occluders                0/0               0/0        ( 0.0%) 
occluder polygons        0/0               0/0        ( 0.0%) 
occluder vert ind        0/0               0/0        ( 0.0%) 
detail props          [variable]           1/12       ( 8.3%) 
static props          [variable]           1/8848     ( 0.0%) 
pakfile               [variable]      149736/0        ( 0.0%) 
physics               [variable]      134594/4194304  ( 3.2%) 
physics terrain       [variable]           2/1048576  ( 0.0%) 

Level flags = 0

Total triangle count: 1915
Writing c:\program files (x86)\steam\steamapps\common\portal 2\sdk_content\maps\lastataperture_mod\maps\prefabs_or_instances\elevator_rooms\elevator_room_standart_depart.bsp
7 seconds elapsed



materialPath: C:\Program Files (x86)\Steam\steamapps\common\Portal 2\portal2\materials
Loading C:\Program Files (x86)\Steam\steamapps\common\Portal 2\sdk_content\maps\lastataperture_mod\maps\prefabs_or_instances\elevator_rooms\elevator_room_standart_depart.vmf
ConVarRef gpu_level doesn't point to an existing ConVar
fixing up env_cubemap materials on brush sides...
0...1...2...3...4...5...6...7...8...9...100...1...2...3...4...5...6...7...8...9...10Processing areas...done (0)
Building Faces...done (0)
Chop Details...done (0)
Find Visible Detail Sides...
Merged 132 detail faces...done (0)
Merging details...done (0)
FixTjuncs...
PruneNodes...
WriteBSP...
done (0)
writing C:\Program Files (x86)\Steam\steamapps\common\Portal 2\sdk_content\maps\lastataperture_mod\maps\prefabs_or_instances\elevator_rooms\elevator_room_standart_depart.prt...Building visibility clusters...
done (0)
Finding displacement neighbors...
Finding lightmap sample positions...
Displacement Alpha : 0...1...2...3...4...5...6...7...8...9...10
Building Physics collision data...
done (1) (134594 bytes)
Placing detail props : 0...1...2...3...4...5...6...7...8...9...10
Compacting texture/material tables...
Reduced 752 texinfos to 244
Reduced 27 texdatas to 25 (772 bytes to 718)
Writing C:\Program Files (x86)\Steam\steamapps\common\Portal 2\sdk_content\maps\lastataperture_mod\maps\prefabs_or_instances\elevator_rooms\elevator_room_standart_depart.bsp

nummapplanes:     (  1600 / 65536 )
nummapbrushes:    (   397 /  8192 )
nummapbrushsides: (  3050 / 65536 )
num_map_overlays: (     7 /   512 )
nummodels:        (    21 /  1024 )
num_entities:     (    82 / 16384 )

1 second elapsed



2 threads
reading c:\program files (x86)\steam\steamapps\common\portal 2\sdk_content\maps\lastataperture_mod\maps\prefabs_or_instances\elevator_rooms\elevator_room_standart_depart.bsp
reading c:\program files (x86)\steam\steamapps\common\portal 2\sdk_content\maps\lastataperture_mod\maps\prefabs_or_instances\elevator_rooms\elevator_room_standart_depart.prt
 454 portalclusters
1607 numportals
0...1...2...3...4...5...6...7...8...9...100...1...2...3...4...5...6...7...8...9...10Optimized: 1058 visible clusters (0.00%)
Total clusters visible: 111170
Average clusters visible: 244
Building PAS...
Average clusters audible: 452
visdatasize:55185  compressed from 58112
writing c:\program files (x86)\steam\steamapps\common\portal 2\sdk_content\maps\lastataperture_mod\maps\prefabs_or_instances\elevator_rooms\elevator_room_standart_depart.bsp
50 seconds elapsed



[Reading texlights from 'lights.rad']
[59 texlights parsed from 'lights.rad']

Loading c:\program files (x86)\steam\steamapps\common\portal 2\sdk_content\maps\lastataperture_mod\maps\prefabs_or_instances\elevator_rooms\elevator_room_standart_depart.bsp
706 faces
8 degenerate faces
61443 square feet [8847861.00 square inches]
0 Displacements
0 Square Feet [0.00 Square Inches]
698 patches before subdivision
zero area child patch
zero area child patch
6452 patches after subdivision
18 direct lights
0...1...2...3...4...5...6...7...8...9...100...1...2...3...4...5...6...7...8...9...10transfers 547963, max 382
transfer lists:   4.2 megs
0...1...2...3...4...5...6...7...8...9...10	Bounce #1 added RGB(7771, 7938, 7436)
0...1...2...3...4...5...6...7...8...9...10	Bounce #2 added RGB(3377, 3424, 3182)
0...1...2...3...4...5...6...7...8...9...10	Bounce #3 added RGB(1518, 1534, 1423)
0...1...2...3...4...5...6...7...8...9...10	Bounce #4 added RGB(692, 700, 648)
0...1...2...3...4...5...6...7...8...9...10	Bounce #5 added RGB(317, 320, 296)
0...1...2...3...4...5...6...7...8...9...10	Bounce #6 added RGB(145, 147, 136)
0...1...2...3...4...5...6...7...8...9...10	Bounce #7 added RGB(67, 67, 62)
0...1...2...3...4...5...6...7...8...9...10	Bounce #8 added RGB(31, 31, 29)
0...1...2...3...4...5...6...7...8...9...10	Bounce #9 added RGB(14, 14, 13)
0...1...2...3...4...5...6...7...8...9...10	Bounce #10 added RGB(6, 6, 6)
0...1...2...3...4...5...6...7...8...9...10	Bounce #11 added RGB(3, 3, 3)
0...1...2...3...4...5...6...7...8...9...10	Bounce #12 added RGB(1, 1, 1)
0...1...2...3...4...5...6...7...8...9...10	Bounce #13 added RGB(1, 1, 1)
Build Patch/Sample Hash Table(s).....Done<0.0020 sec>
0...1...2...3...4...5...6...7...8...9...10FinalLightFace Done
2 of 2 (100% of) surface lights went in leaf ambient cubes.
0...1...2...3...4...5...6...7...8...9...10Writing leaf ambient...done
Ready to Finish

Object names       Objects/Maxobjs  Memory / Maxmem  Fullness 
------------       ---------------  ---------------  -------- 
models                  21/1024         1008/49152    ( 2.1%) 
brushes                397/8192         4764/98304    ( 4.8%) 
brushsides            3051/65536       24408/524288   ( 4.7%) 
planes                1600/65536       32000/1310720  ( 2.4%) 
vertexes              2352/65536       28224/786432   ( 3.6%) 
nodes                 1035/65536       33120/2097152  ( 1.6%) 
texinfos               244/12288       17568/884736   ( 2.0%) 
texdata                 25/2048          800/65536    ( 1.2%) 
dispinfos                0/0               0/0        ( 0.0%) 
disp_verts               0/0               0/0        ( 0.0%) 
disp_tris                0/0               0/0        ( 0.0%) 
disp_multiblend          0/0               0/0        ( 0.0%) 
disp_lmsamples           0/0               0/0        ( 0.0%) 
faces                  706/65536       39536/3670016  ( 1.1%) 
hdr faces                0/65536           0/3670016  ( 0.0%) 
origfaces              439/65536       24584/3670016  ( 0.7%) 
facebrushes            281/0             562/0        ( 0.0%) 
facebrushlists         706/0            2824/0        ( 0.0%) 
leaves                1057/65536       33824/2097152  ( 1.6%) 
leaffaces              828/65536        1656/131072   ( 1.3%) 
leafbrushes           1079/65536        2158/131072   ( 1.6%) 
areas                    2/256            16/2048     ( 0.8%) 
surfedges             5088/512000      20352/2048000  ( 1.0%) 
edges                 3294/256000      13176/1024000  ( 1.3%) 
LDR worldlights         18/8192         1800/819200   ( 0.2%) 
HDR worldlights          0/8192            0/819200   ( 0.0%) 
leafwaterdata            0/32768           0/393216   ( 0.0%) 
waterstrips            132/32768        1320/327680   ( 0.4%) 
waterverts               0/65536           0/786432   ( 0.0%) 
waterindices          2067/65536        4134/131072   ( 3.2%) 
cubemapsamples           1/1024           16/16384    ( 0.1%) 
overlays                 7/512          2464/180224   ( 1.4%) 
LDR lightdata         [variable]      541744/0        ( 0.0%) 
HDR lightdata         [variable]           0/0        ( 0.0%) 
visdata               [variable]       55185/16777216 ( 0.3%) 
entdata               [variable]       24496/393216   ( 6.2%) 
LDR ambient table     1057/65536        4228/262144   ( 1.6%) 
HDR ambient table     1057/65536        4228/262144   ( 1.6%) 
LDR leaf ambient      4027/65536      112756/1835008  ( 6.1%) 
HDR leaf ambient      1057/65536       29596/1835008  ( 1.6%) 
occluders                0/0               0/0        ( 0.0%) 
occluder polygons        0/0               0/0        ( 0.0%) 
occluder vert ind        0/0               0/0        ( 0.0%) 
detail props          [variable]           1/12       ( 8.3%) 
static props          [variable]           1/8848     ( 0.0%) 
pakfile               [variable]      149736/0        ( 0.0%) 
physics               [variable]      134594/4194304  ( 3.2%) 
physics terrain       [variable]           2/1048576  ( 0.0%) 

Level flags = 0

Total triangle count: 1915
Writing c:\program files (x86)\steam\steamapps\common\portal 2\sdk_content\maps\lastataperture_mod\maps\prefabs_or_instances\elevator_rooms\elevator_room_standart_depart.bsp
7 seconds elapsed



materialPath: C:\Program Files (x86)\Steam\steamapps\common\Portal 2\portal2\materials
Loading C:\Program Files (x86)\Steam\steamapps\common\Portal 2\sdk_content\maps\lastataperture_mod\maps\prefabs_or_instances\elevator_rooms\elevator_room_standart_depart.vmf
ConVarRef gpu_level doesn't point to an existing ConVar
fixing up env_cubemap materials on brush sides...
0...1...2...3...4...5...6...7...8...9...100...1...2...3...4...5...6...7...8...9...10Processing areas...done (0)
Building Faces...done (0)
Chop Details...done (0)
Find Visible Detail Sides...
Merged 132 detail faces...done (0)
Merging details...done (0)
FixTjuncs...
PruneNodes...
WriteBSP...
done (0)
writing C:\Program Files (x86)\Steam\steamapps\common\Portal 2\sdk_content\maps\lastataperture_mod\maps\prefabs_or_instances\elevator_rooms\elevator_room_standart_depart.prt...Building visibility clusters...
done (0)
Finding displacement neighbors...
Finding lightmap sample positions...
Displacement Alpha : 0...1...2...3...4...5...6...7...8...9...10
Building Physics collision data...
done (1) (134594 bytes)
Placing detail props : 0...1...2...3...4...5...6...7...8...9...10
Compacting texture/material tables...
Reduced 752 texinfos to 244
Reduced 27 texdatas to 25 (772 bytes to 718)
Writing C:\Program Files (x86)\Steam\steamapps\common\Portal 2\sdk_content\maps\lastataperture_mod\maps\prefabs_or_instances\elevator_rooms\elevator_room_standart_depart.bsp

nummapplanes:     (  1600 / 65536 )
nummapbrushes:    (   397 /  8192 )
nummapbrushsides: (  3050 / 65536 )
num_map_overlays: (     7 /   512 )
nummodels:        (    21 /  1024 )
num_entities:     (    82 / 16384 )

1 second elapsed



2 threads
reading c:\program files (x86)\steam\steamapps\common\portal 2\sdk_content\maps\lastataperture_mod\maps\prefabs_or_instances\elevator_rooms\elevator_room_standart_depart.bsp
reading c:\program files (x86)\steam\steamapps\common\portal 2\sdk_content\maps\lastataperture_mod\maps\prefabs_or_instances\elevator_rooms\elevator_room_standart_depart.prt
 454 portalclusters
1607 numportals
0...1...2...3...4...5...6...7...8...9...100...1...2...3...4...5...6...7...8...9...10Optimized: 1058 visible clusters (0.00%)
Total clusters visible: 111170
Average clusters visible: 244
Building PAS...
Average clusters audible: 452
visdatasize:55185  compressed from 58112
writing c:\program files (x86)\steam\steamapps\common\portal 2\sdk_content\maps\lastataperture_mod\maps\prefabs_or_instances\elevator_rooms\elevator_room_standart_depart.bsp
50 seconds elapsed



[Reading texlights from 'lights.rad']
[59 texlights parsed from 'lights.rad']

Loading c:\program files (x86)\steam\steamapps\common\portal 2\sdk_content\maps\lastataperture_mod\maps\prefabs_or_instances\elevator_rooms\elevator_room_standart_depart.bsp
706 faces
8 degenerate faces
61443 square feet [8847861.00 square inches]
0 Displacements
0 Square Feet [0.00 Square Inches]
698 patches before subdivision
zero area child patch
zero area child patch
6452 patches after subdivision
18 direct lights
0...1...2...3...4...5...6...7...8...9...100...1...2...3...4...5...6...7...8...9...10transfers 547963, max 382
transfer lists:   4.2 megs
0...1...2...3...4...5...6...7...8...9...10	Bounce #1 added RGB(7771, 7938, 7436)
0...1...2...3...4...5...6...7...8...9...10	Bounce #2 added RGB(3377, 3424, 3182)
0...1...2...3...4...5...6...7...8...9...10	Bounce #3 added RGB(1518, 1534, 1423)
0...1...2...3...4...5...6...7...8...9...10	Bounce #4 added RGB(692, 700, 648)
0...1...2...3...4...5...6...7...8...9...10	Bounce #5 added RGB(317, 320, 296)
0...1...2...3...4...5...6...7...8...9...10	Bounce #6 added RGB(145, 147, 136)
0...1...2...3...4...5...6...7...8...9...10	Bounce #7 added RGB(67, 67, 62)
0...1...2...3...4...5...6...7...8...9...10	Bounce #8 added RGB(31, 31, 29)
0...1...2...3...4...5...6...7...8...9...10	Bounce #9 added RGB(14, 14, 13)
0...1...2...3...4...5...6...7...8...9...10	Bounce #10 added RGB(6, 6, 6)
0...1...2...3...4...5...6...7...8...9...10	Bounce #11 added RGB(3, 3, 3)
0...1...2...3...4...5...6...7...8...9...10	Bounce #12 added RGB(1, 1, 1)
0...1...2...3...4...5...6...7...8...9...10	Bounce #13 added RGB(1, 1, 1)
Build Patch/Sample Hash Table(s).....Done<0.0021 sec>
0...1...2...3...4...5...6...7...8...9...10FinalLightFace Done
2 of 2 (100% of) surface lights went in leaf ambient cubes.
0...1...2...3...4...5...6...7...8...9...10Writing leaf ambient...done
Ready to Finish

Object names       Objects/Maxobjs  Memory / Maxmem  Fullness 
------------       ---------------  ---------------  -------- 
models                  21/1024         1008/49152    ( 2.1%) 
brushes                397/8192         4764/98304    ( 4.8%) 
brushsides            3051/65536       24408/524288   ( 4.7%) 
planes                1600/65536       32000/1310720  ( 2.4%) 
vertexes              2352/65536       28224/786432   ( 3.6%) 
nodes                 1035/65536       33120/2097152  ( 1.6%) 
texinfos               244/12288       17568/884736   ( 2.0%) 
texdata                 25/2048          800/65536    ( 1.2%) 
dispinfos                0/0               0/0        ( 0.0%) 
disp_verts               0/0               0/0        ( 0.0%) 
disp_tris                0/0               0/0        ( 0.0%) 
disp_multiblend          0/0               0/0        ( 0.0%) 
disp_lmsamples           0/0               0/0        ( 0.0%) 
faces                  706/65536       39536/3670016  ( 1.1%) 
hdr faces                0/65536           0/3670016  ( 0.0%) 
origfaces              439/65536       24584/3670016  ( 0.7%) 
facebrushes            281/0             562/0        ( 0.0%) 
facebrushlists         706/0            2824/0        ( 0.0%) 
leaves                1057/65536       33824/2097152  ( 1.6%) 
leaffaces              828/65536        1656/131072   ( 1.3%) 
leafbrushes           1079/65536        2158/131072   ( 1.6%) 
areas                    2/256            16/2048     ( 0.8%) 
surfedges             5088/512000      20352/2048000  ( 1.0%) 
edges                 3294/256000      13176/1024000  ( 1.3%) 
LDR worldlights         18/8192         1800/819200   ( 0.2%) 
HDR worldlights          0/8192            0/819200   ( 0.0%) 
leafwaterdata            0/32768           0/393216   ( 0.0%) 
waterstrips            132/32768        1320/327680   ( 0.4%) 
waterverts               0/65536           0/786432   ( 0.0%) 
waterindices          2067/65536        4134/131072   ( 3.2%) 
cubemapsamples           1/1024           16/16384    ( 0.1%) 
overlays                 7/512          2464/180224   ( 1.4%) 
LDR lightdata         [variable]      541744/0        ( 0.0%) 
HDR lightdata         [variable]           0/0        ( 0.0%) 
visdata               [variable]       55185/16777216 ( 0.3%) 
entdata               [variable]       24497/393216   ( 6.2%) 
LDR ambient table     1057/65536        4228/262144   ( 1.6%) 
HDR ambient table     1057/65536        4228/262144   ( 1.6%) 
LDR leaf ambient      4027/65536      112756/1835008  ( 6.1%) 
HDR leaf ambient      1057/65536       29596/1835008  ( 1.6%) 
occluders                0/0               0/0        ( 0.0%) 
occluder polygons        0/0               0/0        ( 0.0%) 
occluder vert ind        0/0               0/0        ( 0.0%) 
detail props          [variable]           1/12       ( 8.3%) 
static props          [variable]           1/8848     ( 0.0%) 
pakfile               [variable]      149736/0        ( 0.0%) 
physics               [variable]      134594/4194304  ( 3.2%) 
physics terrain       [variable]           2/1048576  ( 0.0%) 

Level flags = 0

Total triangle count: 1915
Writing c:\program files (x86)\steam\steamapps\common\portal 2\sdk_content\maps\lastataperture_mod\maps\prefabs_or_instances\elevator_rooms\elevator_room_standart_depart.bsp
7 seconds elapsed



materialPath: C:\Program Files (x86)\Steam\steamapps\common\Portal 2\portal2\materials
Loading C:\Program Files (x86)\Steam\steamapps\common\Portal 2\sdk_content\maps\lastataperture_mod\maps\prefabs_or_instances\elevator_rooms\elevator_room_standart_depart.vmf
ConVarRef gpu_level doesn't point to an existing ConVar
fixing up env_cubemap materials on brush sides...
0...1...2...3...4...5...6...7...8...9...100...1...2...3...4...5...6...7...8...9...10Processing areas...done (0)
Building Faces...done (0)
Chop Details...done (0)
Find Visible Detail Sides...
Merged 132 detail faces...done (0)
Merging details...done (0)
FixTjuncs...
PruneNodes...
WriteBSP...
done (0)
writing C:\Program Files (x86)\Steam\steamapps\common\Portal 2\sdk_content\maps\lastataperture_mod\maps\prefabs_or_instances\elevator_rooms\elevator_room_standart_depart.prt...Building visibility clusters...
done (0)
Finding displacement neighbors...
Finding lightmap sample positions...
Displacement Alpha : 0...1...2...3...4...5...6...7...8...9...10
Building Physics collision data...
done (1) (134594 bytes)
Placing detail props : 0...1...2...3...4...5...6...7...8...9...10
Compacting texture/material tables...
Reduced 752 texinfos to 244
Reduced 27 texdatas to 25 (772 bytes to 718)
Writing C:\Program Files (x86)\Steam\steamapps\common\Portal 2\sdk_content\maps\lastataperture_mod\maps\prefabs_or_instances\elevator_rooms\elevator_room_standart_depart.bsp

nummapplanes:     (  1600 / 65536 )
nummapbrushes:    (   397 /  8192 )
nummapbrushsides: (  3050 / 65536 )
num_map_overlays: (     7 /   512 )
nummodels:        (    21 /  1024 )
num_entities:     (    82 / 16384 )

1 second elapsed



2 threads
reading c:\program files (x86)\steam\steamapps\common\portal 2\sdk_content\maps\lastataperture_mod\maps\prefabs_or_instances\elevator_rooms\elevator_room_standart_depart.bsp
reading c:\program files (x86)\steam\steamapps\common\portal 2\sdk_content\maps\lastataperture_mod\maps\prefabs_or_instances\elevator_rooms\elevator_room_standart_depart.prt
 454 portalclusters
1607 numportals
0...1...2...3...4...5...6...7...8...9...100...1...2...3...4...5...6...7...8...9...10Optimized: 1057 visible clusters (0.00%)
Total clusters visible: 111169
Average clusters visible: 244
Building PAS...
Average clusters audible: 452
visdatasize:55185  compressed from 58112
writing c:\program files (x86)\steam\steamapps\common\portal 2\sdk_content\maps\lastataperture_mod\maps\prefabs_or_instances\elevator_rooms\elevator_room_standart_depart.bsp
50 seconds elapsed



[Reading texlights from 'lights.rad']
[59 texlights parsed from 'lights.rad']

Loading c:\program files (x86)\steam\steamapps\common\portal 2\sdk_content\maps\lastataperture_mod\maps\prefabs_or_instances\elevator_rooms\elevator_room_standart_depart.bsp
706 faces
8 degenerate faces
61443 square feet [8847861.00 square inches]
0 Displacements
0 Square Feet [0.00 Square Inches]
698 patches before subdivision
zero area child patch
zero area child patch
6452 patches after subdivision
18 direct lights
0...1...2...3...4...5...6...7...8...9...100...1...2...3...4...5...6...7...8...9...10transfers 547963, max 382
transfer lists:   4.2 megs
0...1...2...3...4...5...6...7...8...9...10	Bounce #1 added RGB(7771, 7938, 7436)
0...1...2...3...4...5...6...7...8...9...10	Bounce #2 added RGB(3377, 3424, 3182)
0...1...2...3...4...5...6...7...8...9...10	Bounce #3 added RGB(1518, 1534, 1423)
0...1...2...3...4...5...6...7...8...9...10	Bounce #4 added RGB(692, 700, 648)
0...1...2...3...4...5...6...7...8...9...10	Bounce #5 added RGB(317, 320, 296)
0...1...2...3...4...5...6...7...8...9...10	Bounce #6 added RGB(145, 147, 136)
0...1...2...3...4...5...6...7...8...9...10	Bounce #7 added RGB(67, 67, 62)
0...1...2...3...4...5...6...7...8...9...10	Bounce #8 added RGB(31, 31, 29)
0...1...2...3...4...5...6...7...8...9...10	Bounce #9 added RGB(14, 14, 13)
0...1...2...3...4...5...6...7...8...9...10	Bounce #10 added RGB(6, 6, 6)
0...1...2...3...4...5...6...7...8...9...10	Bounce #11 added RGB(3, 3, 3)
0...1...2...3...4...5...6...7...8...9...10	Bounce #12 added RGB(1, 1, 1)
0...1...2...3...4...5...6...7...8...9...10	Bounce #13 added RGB(1, 1, 1)
Build Patch/Sample Hash Table(s).....Done<0.0020 sec>
0...1...2...3...4...5...6...7...8...9...10FinalLightFace Done
2 of 2 (100% of) surface lights went in leaf ambient cubes.
0...1...2...3...4...5...6...7...8...9...10Writing leaf ambient...done
Ready to Finish

Object names       Objects/Maxobjs  Memory / Maxmem  Fullness 
------------       ---------------  ---------------  -------- 
models                  21/1024         1008/49152    ( 2.1%) 
brushes                397/8192         4764/98304    ( 4.8%) 
brushsides            3051/65536       24408/524288   ( 4.7%) 
planes                1600/65536       32000/1310720  ( 2.4%) 
vertexes              2352/65536       28224/786432   ( 3.6%) 
nodes                 1035/65536       33120/2097152  ( 1.6%) 
texinfos               244/12288       17568/884736   ( 2.0%) 
texdata                 25/2048          800/65536    ( 1.2%) 
dispinfos                0/0               0/0        ( 0.0%) 
disp_verts               0/0               0/0        ( 0.0%) 
disp_tris                0/0               0/0        ( 0.0%) 
disp_multiblend          0/0               0/0        ( 0.0%) 
disp_lmsamples           0/0               0/0        ( 0.0%) 
faces                  706/65536       39536/3670016  ( 1.1%) 
hdr faces                0/65536           0/3670016  ( 0.0%) 
origfaces              439/65536       24584/3670016  ( 0.7%) 
facebrushes            281/0             562/0        ( 0.0%) 
facebrushlists         706/0            2824/0        ( 0.0%) 
leaves                1057/65536       33824/2097152  ( 1.6%) 
leaffaces              828/65536        1656/131072   ( 1.3%) 
leafbrushes           1079/65536        2158/131072   ( 1.6%) 
areas                    2/256            16/2048     ( 0.8%) 
surfedges             5088/512000      20352/2048000  ( 1.0%) 
edges                 3294/256000      13176/1024000  ( 1.3%) 
LDR worldlights         18/8192         1800/819200   ( 0.2%) 
HDR worldlights          0/8192            0/819200   ( 0.0%) 
leafwaterdata            0/32768           0/393216   ( 0.0%) 
waterstrips            132/32768        1320/327680   ( 0.4%) 
waterverts               0/65536           0/786432   ( 0.0%) 
waterindices          2067/65536        4134/131072   ( 3.2%) 
cubemapsamples           1/1024           16/16384    ( 0.1%) 
overlays                 7/512          2464/180224   ( 1.4%) 
LDR lightdata         [variable]      541744/0        ( 0.0%) 
HDR lightdata         [variable]           0/0        ( 0.0%) 
visdata               [variable]       55185/16777216 ( 0.3%) 
entdata               [variable]       24496/393216   ( 6.2%) 
LDR ambient table     1057/65536        4228/262144   ( 1.6%) 
HDR ambient table     1057/65536        4228/262144   ( 1.6%) 
LDR leaf ambient      4027/65536      112756/1835008  ( 6.1%) 
HDR leaf ambient      1057/65536       29596/1835008  ( 1.6%) 
occluders                0/0               0/0        ( 0.0%) 
occluder polygons        0/0               0/0        ( 0.0%) 
occluder vert ind        0/0               0/0        ( 0.0%) 
detail props          [variable]           1/12       ( 8.3%) 
static props          [variable]           1/8848     ( 0.0%) 
pakfile               [variable]      149736/0        ( 0.0%) 
physics               [variable]      134594/4194304  ( 3.2%) 
physics terrain       [variable]           2/1048576  ( 0.0%) 

Level flags = 0

Total triangle count: 1915
Writing c:\program files (x86)\steam\steamapps\common\portal 2\sdk_content\maps\lastataperture_mod\maps\prefabs_or_instances\elevator_rooms\elevator_room_standart_depart.bsp
7 seconds elapsed



materialPath: C:\Program Files (x86)\Steam\steamapps\common\Portal 2\portal2\materials
Loading C:\Program Files (x86)\Steam\steamapps\common\Portal 2\sdk_content\maps\lastataperture_mod\maps\prefabs_or_instances\elevator_rooms\elevator_room_standart_depart.vmf
ConVarRef gpu_level doesn't point to an existing ConVar
fixing up env_cubemap materials on brush sides...
0...1...2...3...4...5...6...7...8...9...100...1...2...3...4...5...6...7...8...9...10Processing areas...done (0)
Building Faces...done (0)
Chop Details...done (0)
Find Visible Detail Sides...
Merged 132 detail faces...done (0)
Merging details...done (0)
FixTjuncs...
PruneNodes...
WriteBSP...
done (0)
writing C:\Program Files (x86)\Steam\steamapps\common\Portal 2\sdk_content\maps\lastataperture_mod\maps\prefabs_or_instances\elevator_rooms\elevator_room_standart_depart.prt...Building visibility clusters...
done (0)
Finding displacement neighbors...
Finding lightmap sample positions...
Displacement Alpha : 0...1...2...3...4...5...6...7...8...9...10
Building Physics collision data...
done (1) (135586 bytes)
Placing detail props : 0...1...2...3...4...5...6...7...8...9...10
Compacting texture/material tables...
Reduced 752 texinfos to 244
Reduced 27 texdatas to 25 (772 bytes to 718)
Writing C:\Program Files (x86)\Steam\steamapps\common\Portal 2\sdk_content\maps\lastataperture_mod\maps\prefabs_or_instances\elevator_rooms\elevator_room_standart_depart.bsp

nummapplanes:     (  1604 / 65536 )
nummapbrushes:    (   399 /  8192 )
nummapbrushsides: (  3062 / 65536 )
num_map_overlays: (     7 /   512 )
nummodels:        (    21 /  1024 )
num_entities:     (    82 / 16384 )

1 second elapsed



2 threads
reading c:\program files (x86)\steam\steamapps\common\portal 2\sdk_content\maps\lastataperture_mod\maps\prefabs_or_instances\elevator_rooms\elevator_room_standart_depart.bsp
reading c:\program files (x86)\steam\steamapps\common\portal 2\sdk_content\maps\lastataperture_mod\maps\prefabs_or_instances\elevator_rooms\elevator_room_standart_depart.prt
 454 portalclusters
1607 numportals
0...1...2...3...4...5...6...7...8...9...100...1...2...3...4...5...6...7...8...9...10Optimized: 1058 visible clusters (0.00%)
Total clusters visible: 111170
Average clusters visible: 244
Building PAS...
Average clusters audible: 452
visdatasize:55185  compressed from 58112
writing c:\program files (x86)\steam\steamapps\common\portal 2\sdk_content\maps\lastataperture_mod\maps\prefabs_or_instances\elevator_rooms\elevator_room_standart_depart.bsp
50 seconds elapsed



[Reading texlights from 'lights.rad']
[59 texlights parsed from 'lights.rad']

Loading c:\program files (x86)\steam\steamapps\common\portal 2\sdk_content\maps\lastataperture_mod\maps\prefabs_or_instances\elevator_rooms\elevator_room_standart_depart.bsp
716 faces
8 degenerate faces
61893 square feet [8912629.00 square inches]
0 Displacements
0 Square Feet [0.00 Square Inches]
708 patches before subdivision
zero area child patch
zero area child patch
6462 patches after subdivision
18 direct lights
0...1...2...3...4...5...6...7...8...9...100...1...2...3...4...5...6...7...8...9...10transfers 549020, max 382
transfer lists:   4.2 megs
0...1...2...3...4...5...6...7...8...9...10	Bounce #1 added RGB(7803, 7970, 7465)
0...1...2...3...4...5...6...7...8...9...10	Bounce #2 added RGB(3392, 3439, 3195)
0...1...2...3...4...5...6...7...8...9...10	Bounce #3 added RGB(1524, 1541, 1429)
0...1...2...3...4...5...6...7...8...9...10	Bounce #4 added RGB(696, 703, 651)
0...1...2...3...4...5...6...7...8...9...10	Bounce #5 added RGB(318, 321, 298)
0...1...2...3...4...5...6...7...8...9...10	Bounce #6 added RGB(146, 147, 137)
0...1...2...3...4...5...6...7...8...9...10	Bounce #7 added RGB(67, 67, 63)
0...1...2...3...4...5...6...7...8...9...10	Bounce #8 added RGB(31, 31, 29)
0...1...2...3...4...5...6...7...8...9...10	Bounce #9 added RGB(14, 14, 13)
0...1...2...3...4...5...6...7...8...9...10	Bounce #10 added RGB(6, 7, 6)
0...1...2...3...4...5...6...7...8...9...10	Bounce #11 added RGB(3, 3, 3)
0...1...2...3...4...5...6...7...8...9...10	Bounce #12 added RGB(1, 1, 1)
0...1...2...3...4...5...6...7...8...9...10	Bounce #13 added RGB(1, 1, 1)
Build Patch/Sample Hash Table(s).....Done<0.0020 sec>
0...1...2...3...4...5...6...7...8...9...10FinalLightFace Done
2 of 2 (100% of) surface lights went in leaf ambient cubes.
0...1...2...3...4...5...6...7...8...9...10Writing leaf ambient...done
Ready to Finish

Object names       Objects/Maxobjs  Memory / Maxmem  Fullness 
------------       ---------------  ---------------  -------- 
models                  21/1024         1008/49152    ( 2.1%) 
brushes                399/8192         4788/98304    ( 4.9%) 
brushsides            3063/65536       24504/524288   ( 4.7%) 
planes                1604/65536       32080/1310720  ( 2.4%) 
vertexes              2364/65536       28368/786432   ( 3.6%) 
nodes                 1042/65536       33344/2097152  ( 1.6%) 
texinfos               244/12288       17568/884736   ( 2.0%) 
texdata                 25/2048          800/65536    ( 1.2%) 
dispinfos                0/0               0/0        ( 0.0%) 
disp_verts               0/0               0/0        ( 0.0%) 
disp_tris                0/0               0/0        ( 0.0%) 
disp_multiblend          0/0               0/0        ( 0.0%) 
disp_lmsamples           0/0               0/0        ( 0.0%) 
faces                  716/65536       40096/3670016  ( 1.1%) 
hdr faces                0/65536           0/3670016  ( 0.0%) 
origfaces              449/65536       25144/3670016  ( 0.7%) 
facebrushes            281/0             562/0        ( 0.0%) 
facebrushlists         716/0            2864/0        ( 0.0%) 
leaves                1064/65536       34048/2097152  ( 1.6%) 
leaffaces              838/65536        1676/131072   ( 1.3%) 
leafbrushes           1081/65536        2162/131072   ( 1.6%) 
areas                    2/256            16/2048     ( 0.8%) 
surfedges             5172/512000      20688/2048000  ( 1.0%) 
edges                 3340/256000      13360/1024000  ( 1.3%) 
LDR worldlights         18/8192         1800/819200   ( 0.2%) 
HDR worldlights          0/8192            0/819200   ( 0.0%) 
leafwaterdata            0/32768           0/393216   ( 0.0%) 
waterstrips            132/32768        1320/327680   ( 0.4%) 
waterverts               0/65536           0/786432   ( 0.0%) 
waterindices          2067/65536        4134/131072   ( 3.2%) 
cubemapsamples           1/1024           16/16384    ( 0.1%) 
overlays                 7/512          2464/180224   ( 1.4%) 
LDR lightdata         [variable]      541744/0        ( 0.0%) 
HDR lightdata         [variable]           0/0        ( 0.0%) 
visdata               [variable]       55185/16777216 ( 0.3%) 
entdata               [variable]       24496/393216   ( 6.2%) 
LDR ambient table     1064/65536        4256/262144   ( 1.6%) 
HDR ambient table     1064/65536        4256/262144   ( 1.6%) 
LDR leaf ambient      4064/65536      113792/1835008  ( 6.2%) 
HDR leaf ambient      1064/65536       29792/1835008  ( 1.6%) 
occluders                0/0               0/0        ( 0.0%) 
occluder polygons        0/0               0/0        ( 0.0%) 
occluder vert ind        0/0               0/0        ( 0.0%) 
detail props          [variable]           1/12       ( 8.3%) 
static props          [variable]           1/8848     ( 0.0%) 
pakfile               [variable]      149736/0        ( 0.0%) 
physics               [variable]      135586/4194304  ( 3.2%) 
physics terrain       [variable]           2/1048576  ( 0.0%) 

Level flags = 0

Total triangle count: 1939
Writing c:\program files (x86)\steam\steamapps\common\portal 2\sdk_content\maps\lastataperture_mod\maps\prefabs_or_instances\elevator_rooms\elevator_room_standart_depart.bsp
7 seconds elapsed
