


materialPath: E:\Steam\steamapps\common\Portal 2\portal2\materials
Loading E:\Steam\steamapps\common\Portal 2\sdk_content\maps\instances\elevator_rooms\elevator_room_a4_arrive.vmf
ConVarRef gpu_level doesn't point to an existing ConVar
fixing up env_cubemap materials on brush sides...
0...1...2...3...4...5...6...7...8...9...10**** leaked ****
Entity light (0.74 -648.00 216.00) leaked!

FindPortalSide: Couldn't find a good match for which brush to assign to a portal near (105.9 81.1 -48.0)
Leaf 0 contents: CONTENTS_SOLID 
Leaf 1 contents: CONTENTS_SOLID CONTENTS_GRATE CONTENTS_TRANSLUCENT 
viscontents (node 0 contents ^ node 1 contents): CONTENTS_GRATE 
This means that none of the brushes in leaf 0 or 1 that touches the portal has CONTENTS_GRATE 
Check for a huge brush enclosing the coordinates above that has contents CONTENTS_GRATE 
Candidate brush IDs: Brush 5746: 


FindPortalSide: Couldn't find a good match for which brush to assign to a portal near (51.1 123.5 -48.0)
Leaf 0 contents: CONTENTS_SOLID CONTENTS_GRATE CONTENTS_TRANSLUCENT 
Leaf 1 contents: CONTENTS_SOLID 
viscontents (node 0 contents ^ node 1 contents): CONTENTS_GRATE 
This means that none of the brushes in leaf 0 or 1 that touches the portal has CONTENTS_GRATE 
Check for a huge brush enclosing the coordinates above that has contents CONTENTS_GRATE 
Candidate brush IDs: Brush 5747: 


FindPortalSide: Couldn't find a good match for which brush to assign to a portal near (114.0 66.5 -48.0)
Leaf 0 contents: CONTENTS_SOLID CONTENTS_GRATE CONTENTS_TRANSLUCENT 
Leaf 1 contents: CONTENTS_SOLID 
viscontents (node 0 contents ^ node 1 contents): CONTENTS_GRATE 
This means that none of the brushes in leaf 0 or 1 that touches the portal has CONTENTS_GRATE 
Check for a huge brush enclosing the coordinates above that has contents CONTENTS_GRATE 
Candidate brush IDs: Brush 5746: 


FindPortalSide: Couldn't find a good match for which brush to assign to a portal near (123.4 51.3 -48.0)
Leaf 0 contents: CONTENTS_SOLID CONTENTS_GRATE CONTENTS_TRANSLUCENT 
Leaf 1 contents: CONTENTS_SOLID 
viscontents (node 0 contents ^ node 1 contents): CONTENTS_GRATE 
This means that none of the brushes in leaf 0 or 1 that touches the portal has CONTENTS_GRATE 
Check for a huge brush enclosing the coordinates above that has contents CONTENTS_GRATE 
Candidate brush IDs: Brush 5746: 


FindPortalSide: Couldn't find a good match for which brush to assign to a portal near (-119.6 91.4 -48.0)
Leaf 0 contents: CONTENTS_SOLID 
Leaf 1 contents: CONTENTS_SOLID CONTENTS_GRATE CONTENTS_TRANSLUCENT 
viscontents (node 0 contents ^ node 1 contents): CONTENTS_GRATE 
This means that none of the brushes in leaf 0 or 1 that touches the portal has CONTENTS_GRATE 
Check for a huge brush enclosing the coordinates above that has contents CONTENTS_GRATE 
Candidate brush IDs: Brush 5745: 


FindPortalSide: Couldn't find a good match for which brush to assign to a portal near (-107.0 81.8 -48.0)
Leaf 0 contents: CONTENTS_SOLID 
Leaf 1 contents: CONTENTS_SOLID CONTENTS_GRATE CONTENTS_TRANSLUCENT 
viscontents (node 0 contents ^ node 1 contents): CONTENTS_GRATE 
This means that none of the brushes in leaf 0 or 1 that touches the portal has CONTENTS_GRATE 
Check for a huge brush enclosing the coordinates above that has contents CONTENTS_GRATE 
Candidate brush IDs: Brush 5745: 


FindPortalSide: Couldn't find a good match for which brush to assign to a portal near (-51.4 123.5 -48.0)
Leaf 0 contents: CONTENTS_SOLID 
Leaf 1 contents: CONTENTS_SOLID CONTENTS_GRATE CONTENTS_TRANSLUCENT 
viscontents (node 0 contents ^ node 1 contents): CONTENTS_GRATE 
This means that none of the brushes in leaf 0 or 1 that touches the portal has CONTENTS_GRATE 
Check for a huge brush enclosing the coordinates above that has contents CONTENTS_GRATE 
Candidate brush IDs: Brush 5747: 


FindPortalSide: Couldn't find a good match for which brush to assign to a portal near (-88.5 115.4 -48.0)
Leaf 0 contents: CONTENTS_SOLID CONTENTS_GRATE CONTENTS_TRANSLUCENT 
Leaf 1 contents: CONTENTS_SOLID 
viscontents (node 0 contents ^ node 1 contents): CONTENTS_GRATE 
This means that none of the brushes in leaf 0 or 1 that touches the portal has CONTENTS_GRATE 
Check for a huge brush enclosing the coordinates above that has contents CONTENTS_GRATE 
Candidate brush IDs: Brush 5745: 

*** Suppressing further FindPortalSide errors.... ***
Processing areas...done (0)
Building Faces...done (0)
Chop Details...done (0)
Find Visible Detail Sides...
Merged 84 detail faces...done (0)
Merging details...done (0)
FixTjuncs...
PruneNodes...
WriteBSP...
done (0)
Finding displacement neighbors...
Finding lightmap sample positions...
Displacement Alpha : 0...1...2...3...4...5...6...7...8...9...10
Building Physics collision data...
done (0) (131606 bytes)
Placing detail props : 0...1...2...3...4...5...6...7...8...9...10
Compacting texture/material tables...
Reduced 604 texinfos to 199
Reduced 32 texdatas to 29 (966 bytes to 888)
Writing E:\Steam\steamapps\common\Portal 2\sdk_content\maps\instances\elevator_rooms\elevator_room_a4_arrive.bsp

nummapplanes:     (  1466 / 65536 )
nummapbrushes:    (   368 /  8192 )
nummapbrushsides: (  2841 / 65536 )
num_map_overlays: (    12 /   512 )
nummodels:        (    14 /  1024 )
num_entities:     (    33 / 16384 )

1 second elapsed



4 threads
reading e:\steam\steamapps\common\portal 2\sdk_content\maps\instances\elevator_rooms\elevator_room_a4_arrive.bsp
reading e:\steam\steamapps\common\portal 2\sdk_content\maps\instances\elevator_rooms\elevator_room_a4_arrive.prt
LoadPortals: couldn't read e:\steam\steamapps\common\portal 2\sdk_content\maps\instances\elevator_rooms\elevator_room_a4_arrive.prt
