


materialPath: C:\Program Files (x86)\Steam\steamapps\common\Portal 2\portal2\materials
Loading C:\Program Files (x86)\Steam\steamapps\common\Portal 2\sdk_content\maps\lastataperture_mod\maps\prefabs_or_instances\elevator_rooms\elevator_room_standart_arrive.vmf
ConVarRef gpu_level doesn't point to an existing ConVar
fixing up env_cubemap materials on brush sides...
0...1...2...3...4...5...6...7...8...9...100...1...2...3...4...5...6...7...8...9...10Processing areas...done (0)
Building Faces...done (0)
Chop Details...done (0)
Find Visible Detail Sides...
Merged 142 detail faces...done (0)
Merging details...done (0)
FixTjuncs...
PruneNodes...
WriteBSP...
done (0)
writing C:\Program Files (x86)\Steam\steamapps\common\Portal 2\sdk_content\maps\lastataperture_mod\maps\prefabs_or_instances\elevator_rooms\elevator_room_standart_arrive.prt...Building visibility clusters...
done (0)
Finding displacement neighbors...
Finding lightmap sample positions...
Displacement Alpha : 0...1...2...3...4...5...6...7...8...9...10
Building Physics collision data...
done (0) (140129 bytes)
Placing detail props : 0...1...2...3...4...5...6...7...8...9...10
Compacting texture/material tables...
Reduced 590 texinfos to 197
Reduced 34 texdatas to 30 (994 bytes to 878)
Writing C:\Program Files (x86)\Steam\steamapps\common\Portal 2\sdk_content\maps\lastataperture_mod\maps\prefabs_or_instances\elevator_rooms\elevator_room_standart_arrive.bsp

nummapplanes:     (  2550 / 65536 )
nummapbrushes:    (   470 /  8192 )
nummapbrushsides: (  3906 / 65536 )
num_map_overlays: (    11 /   512 )
nummodels:        (    17 /  1024 )
num_entities:     (    49 / 16384 )

1 second elapsed



2 threads
reading c:\program files (x86)\steam\steamapps\common\portal 2\sdk_content\maps\lastataperture_mod\maps\prefabs_or_instances\elevator_rooms\elevator_room_standart_arrive.bsp
reading c:\program files (x86)\steam\steamapps\common\portal 2\sdk_content\maps\lastataperture_mod\maps\prefabs_or_instances\elevator_rooms\elevator_room_standart_arrive.prt
 363 portalclusters
1187 numportals
0...1...2...3...4...5...6...7...8...9...100...1...2...3...4...5...6...7...8...9...10Optimized: 70 visible clusters (0.00%)
Total clusters visible: 87297
Average clusters visible: 240
Building PAS...
Average clusters audible: 362
visdatasize:36165  compressed from 34848
writing c:\program files (x86)\steam\steamapps\common\portal 2\sdk_content\maps\lastataperture_mod\maps\prefabs_or_instances\elevator_rooms\elevator_room_standart_arrive.bsp
43 seconds elapsed



[Reading texlights from 'lights.rad']
[59 texlights parsed from 'lights.rad']

Loading c:\program files (x86)\steam\steamapps\common\portal 2\sdk_content\maps\lastataperture_mod\maps\prefabs_or_instances\elevator_rooms\elevator_room_standart_arrive.bsp
597 faces
153521 square feet [22107148.00 square inches]
0 Displacements
0 Square Feet [0.00 Square Inches]
597 patches before subdivision
2871 patches after subdivision
17 direct lights
0...1...2...3...4...5...6...7...8...9...100...1...2...3...4...5...6...7...8...9...10transfers 323489, max 367
transfer lists:   2.5 megs
0...1...2...3...4...5...6...7...8...9...10	Bounce #1 added RGB(3253, 3993, 3620)
0...1...2...3...4...5...6...7...8...9...10	Bounce #2 added RGB(1174, 1481, 1344)
0...1...2...3...4...5...6...7...8...9...10	Bounce #3 added RGB(447, 579, 530)
0...1...2...3...4...5...6...7...8...9...10	Bounce #4 added RGB(176, 234, 218)
0...1...2...3...4...5...6...7...8...9...10	Bounce #5 added RGB(71, 97, 92)
0...1...2...3...4...5...6...7...8...9...10	Bounce #6 added RGB(30, 41, 40)
0...1...2...3...4...5...6...7...8...9...10	Bounce #7 added RGB(13, 18, 18)
0...1...2...3...4...5...6...7...8...9...10	Bounce #8 added RGB(5, 8, 8)
0...1...2...3...4...5...6...7...8...9...10	Bounce #9 added RGB(2, 4, 4)
0...1...2...3...4...5...6...7...8...9...10	Bounce #10 added RGB(1, 2, 2)
0...1...2...3...4...5...6...7...8...9...10	Bounce #11 added RGB(0, 1, 1)
Build Patch/Sample Hash Table(s).....Done<0.0009 sec>
0...1...2...3...4...5...6...7...8...9...10FinalLightFace Done
2 of 2 (100% of) surface lights went in leaf ambient cubes.
0...1...2...3...4...5...6...7...8...9...10Writing leaf ambient...done
Ready to Finish

Object names       Objects/Maxobjs  Memory / Maxmem  Fullness 
------------       ---------------  ---------------  -------- 
models                  17/1024          816/49152    ( 1.7%) 
brushes                470/8192         5640/98304    ( 5.7%) 
brushsides            3923/65536       31384/524288   ( 6.0%) 
planes                2550/65536       51000/1310720  ( 3.9%) 
vertexes              2170/65536       26040/786432   ( 3.3%) 
nodes                  867/65536       27744/2097152  ( 1.3%) 
texinfos               197/12288       14184/884736   ( 1.6%) 
texdata                 30/2048          960/65536    ( 1.5%) 
dispinfos                0/0               0/0        ( 0.0%) 
disp_verts               0/0               0/0        ( 0.0%) 
disp_tris                0/0               0/0        ( 0.0%) 
disp_multiblend          0/0               0/0        ( 0.0%) 
disp_lmsamples           0/0               0/0        ( 0.0%) 
faces                  597/65536       33432/3670016  ( 0.9%) 
hdr faces                0/65536           0/3670016  ( 0.0%) 
origfaces              389/65536       21784/3670016  ( 0.6%) 
facebrushes             99/0             198/0        ( 0.0%) 
facebrushlists         597/0            2388/0        ( 0.0%) 
leaves                 885/65536       28320/2097152  ( 1.4%) 
leaffaces              990/65536        1980/131072   ( 1.5%) 
leafbrushes            899/65536        1798/131072   ( 1.4%) 
areas                    2/256            16/2048     ( 0.8%) 
surfedges             4521/512000      18084/2048000  ( 0.9%) 
edges                 3030/256000      12120/1024000  ( 1.2%) 
LDR worldlights         17/8192         1700/819200   ( 0.2%) 
HDR worldlights          0/8192            0/819200   ( 0.0%) 
leafwaterdata            0/32768           0/393216   ( 0.0%) 
waterstrips            188/32768        1880/327680   ( 0.6%) 
waterverts               0/65536           0/786432   ( 0.0%) 
waterindices          3240/65536        6480/131072   ( 4.9%) 
cubemapsamples           1/1024           16/16384    ( 0.1%) 
overlays                11/512          3872/180224   ( 2.1%) 
LDR lightdata         [variable]      239240/0        ( 0.0%) 
HDR lightdata         [variable]           0/0        ( 0.0%) 
visdata               [variable]       36165/16777216 ( 0.2%) 
entdata               [variable]       12703/393216   ( 3.2%) 
LDR ambient table      885/65536        3540/262144   ( 1.4%) 
HDR ambient table      885/65536        3540/262144   ( 1.4%) 
LDR leaf ambient      3255/65536       91140/1835008  ( 5.0%) 
HDR leaf ambient       885/65536       24780/1835008  ( 1.4%) 
occluders                0/0               0/0        ( 0.0%) 
occluder polygons        0/0               0/0        ( 0.0%) 
occluder vert ind        0/0               0/0        ( 0.0%) 
detail props          [variable]           1/12       ( 8.3%) 
static props          [variable]           1/4658     ( 0.0%) 
pakfile               [variable]      149726/0        ( 0.0%) 
physics               [variable]      140129/4194304  ( 3.3%) 
physics terrain       [variable]           2/1048576  ( 0.0%) 

Level flags = 0

Total triangle count: 1803
Writing c:\program files (x86)\steam\steamapps\common\portal 2\sdk_content\maps\lastataperture_mod\maps\prefabs_or_instances\elevator_rooms\elevator_room_standart_arrive.bsp
6 seconds elapsed



materialPath: C:\Program Files (x86)\Steam\steamapps\common\Portal 2\portal2\materials
Loading C:\Program Files (x86)\Steam\steamapps\common\Portal 2\sdk_content\maps\lastataperture_mod\maps\prefabs_or_instances\elevator_rooms\elevator_room_standart_arrive.vmf
ConVarRef gpu_level doesn't point to an existing ConVar
fixing up env_cubemap materials on brush sides...
0...1...2...3...4...5...6...7...8...9...100...1...2...3...4...5...6...7...8...9...10Processing areas...done (0)
Building Faces...done (0)
Chop Details...done (0)
Find Visible Detail Sides...
Merged 142 detail faces...done (0)
Merging details...done (0)
FixTjuncs...
PruneNodes...
WriteBSP...
done (0)
writing C:\Program Files (x86)\Steam\steamapps\common\Portal 2\sdk_content\maps\lastataperture_mod\maps\prefabs_or_instances\elevator_rooms\elevator_room_standart_arrive.prt...Building visibility clusters...
done (0)
Finding displacement neighbors...
Finding lightmap sample positions...
Displacement Alpha : 0...1...2...3...4...5...6...7...8...9...10
Building Physics collision data...
done (0) (140129 bytes)
Placing detail props : 0...1...2...3...4...5...6...7...8...9...10
Compacting texture/material tables...
Reduced 590 texinfos to 197
Reduced 34 texdatas to 30 (994 bytes to 878)
Writing C:\Program Files (x86)\Steam\steamapps\common\Portal 2\sdk_content\maps\lastataperture_mod\maps\prefabs_or_instances\elevator_rooms\elevator_room_standart_arrive.bsp

nummapplanes:     (  2548 / 65536 )
nummapbrushes:    (   470 /  8192 )
nummapbrushsides: (  3906 / 65536 )
num_map_overlays: (    11 /   512 )
nummodels:        (    17 /  1024 )
num_entities:     (    49 / 16384 )

1 second elapsed



2 threads
reading c:\program files (x86)\steam\steamapps\common\portal 2\sdk_content\maps\lastataperture_mod\maps\prefabs_or_instances\elevator_rooms\elevator_room_standart_arrive.bsp
reading c:\program files (x86)\steam\steamapps\common\portal 2\sdk_content\maps\lastataperture_mod\maps\prefabs_or_instances\elevator_rooms\elevator_room_standart_arrive.prt
 363 portalclusters
1187 numportals
0...1...2...3...4...5...6...7...8...9...100...1...2...3...4...5...6...7...8...9...10Optimized: 70 visible clusters (0.00%)
Total clusters visible: 87297
Average clusters visible: 240
Building PAS...
Average clusters audible: 362
visdatasize:36165  compressed from 34848
writing c:\program files (x86)\steam\steamapps\common\portal 2\sdk_content\maps\lastataperture_mod\maps\prefabs_or_instances\elevator_rooms\elevator_room_standart_arrive.bsp
41 seconds elapsed



[Reading texlights from 'lights.rad']
[59 texlights parsed from 'lights.rad']

Loading c:\program files (x86)\steam\steamapps\common\portal 2\sdk_content\maps\lastataperture_mod\maps\prefabs_or_instances\elevator_rooms\elevator_room_standart_arrive.bsp
597 faces
153578 square feet [22115340.00 square inches]
0 Displacements
0 Square Feet [0.00 Square Inches]
597 patches before subdivision
2871 patches after subdivision
17 direct lights
0...1...2...3...4...5...6...7...8...9...100...1...2...3...4...5...6...7...8...9...10transfers 323503, max 367
transfer lists:   2.5 megs
0...1...2...3...4...5...6...7...8...9...10	Bounce #1 added RGB(3253, 3993, 3620)
0...1...2...3...4...5...6...7...8...9...10	Bounce #2 added RGB(1174, 1481, 1344)
0...1...2...3...4...5...6...7...8...9...10	Bounce #3 added RGB(447, 579, 530)
0...1...2...3...4...5...6...7...8...9...10	Bounce #4 added RGB(176, 234, 218)
0...1...2...3...4...5...6...7...8...9...10	Bounce #5 added RGB(71, 97, 92)
0...1...2...3...4...5...6...7...8...9...10	Bounce #6 added RGB(30, 41, 40)
0...1...2...3...4...5...6...7...8...9...10	Bounce #7 added RGB(13, 18, 18)
0...1...2...3...4...5...6...7...8...9...10	Bounce #8 added RGB(5, 8, 8)
0...1...2...3...4...5...6...7...8...9...10	Bounce #9 added RGB(2, 4, 4)
0...1...2...3...4...5...6...7...8...9...10	Bounce #10 added RGB(1, 2, 2)
0...1...2...3...4...5...6...7...8...9...10	Bounce #11 added RGB(0, 1, 1)
Build Patch/Sample Hash Table(s).....Done<0.0011 sec>
0...1...2...3...4...5...6...7...8...9...10FinalLightFace Done
2 of 2 (100% of) surface lights went in leaf ambient cubes.
0...1...2...3...4...5...6...7...8...9...10Writing leaf ambient...done
Ready to Finish

Object names       Objects/Maxobjs  Memory / Maxmem  Fullness 
------------       ---------------  ---------------  -------- 
models                  17/1024          816/49152    ( 1.7%) 
brushes                470/8192         5640/98304    ( 5.7%) 
brushsides            3923/65536       31384/524288   ( 6.0%) 
planes                2548/65536       50960/1310720  ( 3.9%) 
vertexes              2170/65536       26040/786432   ( 3.3%) 
nodes                  867/65536       27744/2097152  ( 1.3%) 
texinfos               197/12288       14184/884736   ( 1.6%) 
texdata                 30/2048          960/65536    ( 1.5%) 
dispinfos                0/0               0/0        ( 0.0%) 
disp_verts               0/0               0/0        ( 0.0%) 
disp_tris                0/0               0/0        ( 0.0%) 
disp_multiblend          0/0               0/0        ( 0.0%) 
disp_lmsamples           0/0               0/0        ( 0.0%) 
faces                  597/65536       33432/3670016  ( 0.9%) 
hdr faces                0/65536           0/3670016  ( 0.0%) 
origfaces              389/65536       21784/3670016  ( 0.6%) 
facebrushes             99/0             198/0        ( 0.0%) 
facebrushlists         597/0            2388/0        ( 0.0%) 
leaves                 885/65536       28320/2097152  ( 1.4%) 
leaffaces              990/65536        1980/131072   ( 1.5%) 
leafbrushes            899/65536        1798/131072   ( 1.4%) 
areas                    2/256            16/2048     ( 0.8%) 
surfedges             4521/512000      18084/2048000  ( 0.9%) 
edges                 3030/256000      12120/1024000  ( 1.2%) 
LDR worldlights         17/8192         1700/819200   ( 0.2%) 
HDR worldlights          0/8192            0/819200   ( 0.0%) 
leafwaterdata            0/32768           0/393216   ( 0.0%) 
waterstrips            188/32768        1880/327680   ( 0.6%) 
waterverts               0/65536           0/786432   ( 0.0%) 
waterindices          3240/65536        6480/131072   ( 4.9%) 
cubemapsamples           1/1024           16/16384    ( 0.1%) 
overlays                11/512          3872/180224   ( 2.1%) 
LDR lightdata         [variable]      239240/0        ( 0.0%) 
HDR lightdata         [variable]           0/0        ( 0.0%) 
visdata               [variable]       36165/16777216 ( 0.2%) 
entdata               [variable]       12703/393216   ( 3.2%) 
LDR ambient table      885/65536        3540/262144   ( 1.4%) 
HDR ambient table      885/65536        3540/262144   ( 1.4%) 
LDR leaf ambient      3252/65536       91056/1835008  ( 5.0%) 
HDR leaf ambient       885/65536       24780/1835008  ( 1.4%) 
occluders                0/0               0/0        ( 0.0%) 
occluder polygons        0/0               0/0        ( 0.0%) 
occluder vert ind        0/0               0/0        ( 0.0%) 
detail props          [variable]           1/12       ( 8.3%) 
static props          [variable]           1/4658     ( 0.0%) 
pakfile               [variable]      149726/0        ( 0.0%) 
physics               [variable]      140129/4194304  ( 3.3%) 
physics terrain       [variable]           2/1048576  ( 0.0%) 

Level flags = 0

Total triangle count: 1803
Writing c:\program files (x86)\steam\steamapps\common\portal 2\sdk_content\maps\lastataperture_mod\maps\prefabs_or_instances\elevator_rooms\elevator_room_standart_arrive.bsp
7 seconds elapsed



materialPath: C:\Program Files (x86)\Steam\steamapps\common\Portal 2\portal2\materials
Loading C:\Program Files (x86)\Steam\steamapps\common\Portal 2\sdk_content\maps\lastataperture_mod\maps\prefabs_or_instances\elevator_rooms\elevator_room_standart_arrive.vmf
ConVarRef gpu_level doesn't point to an existing ConVar
fixing up env_cubemap materials on brush sides...
0...1...2...3...4...5...6...7...8...9...100...1...2...3...4...5...6...7...8...9...10Processing areas...done (0)
Building Faces...done (0)
Chop Details...done (0)
Find Visible Detail Sides...
Merged 142 detail faces...done (0)
Merging details...done (0)
FixTjuncs...
PruneNodes...
WriteBSP...
done (0)
writing C:\Program Files (x86)\Steam\steamapps\common\Portal 2\sdk_content\maps\lastataperture_mod\maps\prefabs_or_instances\elevator_rooms\elevator_room_standart_arrive.prt...Building visibility clusters...
done (0)
Finding displacement neighbors...
Finding lightmap sample positions...
Displacement Alpha : 0...1...2...3...4...5...6...7...8...9...10
Building Physics collision data...
done (0) (140129 bytes)
Placing detail props : 0...1...2...3...4...5...6...7...8...9...10
Compacting texture/material tables...
Reduced 590 texinfos to 197
Reduced 34 texdatas to 30 (994 bytes to 878)
Writing C:\Program Files (x86)\Steam\steamapps\common\Portal 2\sdk_content\maps\lastataperture_mod\maps\prefabs_or_instances\elevator_rooms\elevator_room_standart_arrive.bsp

nummapplanes:     (  2548 / 65536 )
nummapbrushes:    (   470 /  8192 )
nummapbrushsides: (  3906 / 65536 )
num_map_overlays: (    11 /   512 )
nummodels:        (    17 /  1024 )
num_entities:     (    49 / 16384 )

1 second elapsed



2 threads
reading c:\program files (x86)\steam\steamapps\common\portal 2\sdk_content\maps\lastataperture_mod\maps\prefabs_or_instances\elevator_rooms\elevator_room_standart_arrive.bsp
reading c:\program files (x86)\steam\steamapps\common\portal 2\sdk_content\maps\lastataperture_mod\maps\prefabs_or_instances\elevator_rooms\elevator_room_standart_arrive.prt
 363 portalclusters
1187 numportals
0...1...2...3...4...5...6...7...8...9...100...1...2...3...4...5...6...7...8...9...10Optimized: 70 visible clusters (0.00%)
Total clusters visible: 87285
Average clusters visible: 240
Building PAS...
Average clusters audible: 362
visdatasize:36164  compressed from 34848
writing c:\program files (x86)\steam\steamapps\common\portal 2\sdk_content\maps\lastataperture_mod\maps\prefabs_or_instances\elevator_rooms\elevator_room_standart_arrive.bsp
37 seconds elapsed



[Reading texlights from 'lights.rad']
[59 texlights parsed from 'lights.rad']

Loading c:\program files (x86)\steam\steamapps\common\portal 2\sdk_content\maps\lastataperture_mod\maps\prefabs_or_instances\elevator_rooms\elevator_room_standart_arrive.bsp
597 faces
153578 square feet [22115340.00 square inches]
0 Displacements
0 Square Feet [0.00 Square Inches]
597 patches before subdivision
2871 patches after subdivision
17 direct lights
0...1...2...3...4...5...6...7...8...9...100...1...2...3...4...5...6...7...8...9...10transfers 324070, max 368
transfer lists:   2.5 megs
0...1...2...3...4...5...6...7...8...9...10	Bounce #1 added RGB(3263, 4005, 3630)
0...1...2...3...4...5...6...7...8...9...10	Bounce #2 added RGB(1177, 1484, 1347)
0...1...2...3...4...5...6...7...8...9...10	Bounce #3 added RGB(448, 581, 531)
0...1...2...3...4...5...6...7...8...9...10	Bounce #4 added RGB(176, 234, 218)
0...1...2...3...4...5...6...7...8...9...10	Bounce #5 added RGB(71, 98, 92)
0...1...2...3...4...5...6...7...8...9...10	Bounce #6 added RGB(30, 42, 40)
0...1...2...3...4...5...6...7...8...9...10	Bounce #7 added RGB(13, 18, 18)
0...1...2...3...4...5...6...7...8...9...10	Bounce #8 added RGB(5, 8, 8)
0...1...2...3...4...5...6...7...8...9...10	Bounce #9 added RGB(2, 4, 4)
0...1...2...3...4...5...6...7...8...9...10	Bounce #10 added RGB(1, 2, 2)
0...1...2...3...4...5...6...7...8...9...10	Bounce #11 added RGB(0, 1, 1)
Build Patch/Sample Hash Table(s).....Done<0.0011 sec>
0...1...2...3...4...5...6...7...8...9...10FinalLightFace Done
2 of 2 (100% of) surface lights went in leaf ambient cubes.
0...1...2...3...4...5...6...7...8...9...10Writing leaf ambient...done
Ready to Finish

Object names       Objects/Maxobjs  Memory / Maxmem  Fullness 
------------       ---------------  ---------------  -------- 
models                  17/1024          816/49152    ( 1.7%) 
brushes                470/8192         5640/98304    ( 5.7%) 
brushsides            3923/65536       31384/524288   ( 6.0%) 
planes                2548/65536       50960/1310720  ( 3.9%) 
vertexes              2170/65536       26040/786432   ( 3.3%) 
nodes                  867/65536       27744/2097152  ( 1.3%) 
texinfos               197/12288       14184/884736   ( 1.6%) 
texdata                 30/2048          960/65536    ( 1.5%) 
dispinfos                0/0               0/0        ( 0.0%) 
disp_verts               0/0               0/0        ( 0.0%) 
disp_tris                0/0               0/0        ( 0.0%) 
disp_multiblend          0/0               0/0        ( 0.0%) 
disp_lmsamples           0/0               0/0        ( 0.0%) 
faces                  597/65536       33432/3670016  ( 0.9%) 
hdr faces                0/65536           0/3670016  ( 0.0%) 
origfaces              389/65536       21784/3670016  ( 0.6%) 
facebrushes             99/0             198/0        ( 0.0%) 
facebrushlists         597/0            2388/0        ( 0.0%) 
leaves                 885/65536       28320/2097152  ( 1.4%) 
leaffaces              990/65536        1980/131072   ( 1.5%) 
leafbrushes            899/65536        1798/131072   ( 1.4%) 
areas                    2/256            16/2048     ( 0.8%) 
surfedges             4521/512000      18084/2048000  ( 0.9%) 
edges                 3030/256000      12120/1024000  ( 1.2%) 
LDR worldlights         17/8192         1700/819200   ( 0.2%) 
HDR worldlights          0/8192            0/819200   ( 0.0%) 
leafwaterdata            0/32768           0/393216   ( 0.0%) 
waterstrips            188/32768        1880/327680   ( 0.6%) 
waterverts               0/65536           0/786432   ( 0.0%) 
waterindices          3240/65536        6480/131072   ( 4.9%) 
cubemapsamples           1/1024           16/16384    ( 0.1%) 
overlays                11/512          3872/180224   ( 2.1%) 
LDR lightdata         [variable]      239240/0        ( 0.0%) 
HDR lightdata         [variable]           0/0        ( 0.0%) 
visdata               [variable]       36164/16777216 ( 0.2%) 
entdata               [variable]       12703/393216   ( 3.2%) 
LDR ambient table      885/65536        3540/262144   ( 1.4%) 
HDR ambient table      885/65536        3540/262144   ( 1.4%) 
LDR leaf ambient      3234/65536       90552/1835008  ( 4.9%) 
HDR leaf ambient       885/65536       24780/1835008  ( 1.4%) 
occluders                0/0               0/0        ( 0.0%) 
occluder polygons        0/0               0/0        ( 0.0%) 
occluder vert ind        0/0               0/0        ( 0.0%) 
detail props          [variable]           1/12       ( 8.3%) 
static props          [variable]           1/4642     ( 0.0%) 
pakfile               [variable]      149726/0        ( 0.0%) 
physics               [variable]      140129/4194304  ( 3.3%) 
physics terrain       [variable]           2/1048576  ( 0.0%) 

Level flags = 0

Total triangle count: 1803
Writing c:\program files (x86)\steam\steamapps\common\portal 2\sdk_content\maps\lastataperture_mod\maps\prefabs_or_instances\elevator_rooms\elevator_room_standart_arrive.bsp
5 seconds elapsed



materialPath: C:\Program Files (x86)\Steam\steamapps\common\Portal 2\portal2\materials
Loading C:\Program Files (x86)\Steam\steamapps\common\Portal 2\sdk_content\maps\lastataperture_mod\maps\prefabs_or_instances\elevator_rooms\elevator_room_standart_arrive.vmf
ConVarRef gpu_level doesn't point to an existing ConVar
fixing up env_cubemap materials on brush sides...
0...1...2...3...4...5...6...7...8...9...100...1...2...3...4...5...6...7...8...9...10Processing areas...done (0)
Building Faces...done (0)
Chop Details...done (0)
Find Visible Detail Sides...
Merged 142 detail faces...done (0)
Merging details...done (0)
FixTjuncs...
PruneNodes...
WriteBSP...
done (0)
writing C:\Program Files (x86)\Steam\steamapps\common\Portal 2\sdk_content\maps\lastataperture_mod\maps\prefabs_or_instances\elevator_rooms\elevator_room_standart_arrive.prt...Building visibility clusters...
done (0)
Finding displacement neighbors...
Finding lightmap sample positions...
Displacement Alpha : 0...1...2...3...4...5...6...7...8...9...10
Building Physics collision data...
done (0) (140129 bytes)
Placing detail props : 0...1...2...3...4...5...6...7...8...9...10
Compacting texture/material tables...
Reduced 590 texinfos to 197
Reduced 34 texdatas to 30 (994 bytes to 878)
Writing C:\Program Files (x86)\Steam\steamapps\common\Portal 2\sdk_content\maps\lastataperture_mod\maps\prefabs_or_instances\elevator_rooms\elevator_room_standart_arrive.bsp

nummapplanes:     (  2548 / 65536 )
nummapbrushes:    (   470 /  8192 )
nummapbrushsides: (  3906 / 65536 )
num_map_overlays: (    11 /   512 )
nummodels:        (    17 /  1024 )
num_entities:     (    49 / 16384 )

1 second elapsed



2 threads
reading c:\program files (x86)\steam\steamapps\common\portal 2\sdk_content\maps\lastataperture_mod\maps\prefabs_or_instances\elevator_rooms\elevator_room_standart_arrive.bsp
reading c:\program files (x86)\steam\steamapps\common\portal 2\sdk_content\maps\lastataperture_mod\maps\prefabs_or_instances\elevator_rooms\elevator_room_standart_arrive.prt
 363 portalclusters
1187 numportals
0...1...2...3...4...5...6...7...8...9...100...1...2...3...4...5...6...7...8...9...10Optimized: 70 visible clusters (0.00%)
Total clusters visible: 87285
Average clusters visible: 240
Building PAS...
Average clusters audible: 362
visdatasize:36164  compressed from 34848
writing c:\program files (x86)\steam\steamapps\common\portal 2\sdk_content\maps\lastataperture_mod\maps\prefabs_or_instances\elevator_rooms\elevator_room_standart_arrive.bsp
37 seconds elapsed



[Reading texlights from 'lights.rad']
[59 texlights parsed from 'lights.rad']

Loading c:\program files (x86)\steam\steamapps\common\portal 2\sdk_content\maps\lastataperture_mod\maps\prefabs_or_instances\elevator_rooms\elevator_room_standart_arrive.bsp
597 faces
153578 square feet [22115340.00 square inches]
0 Displacements
0 Square Feet [0.00 Square Inches]
597 patches before subdivision
2871 patches after subdivision
17 direct lights
0...1...2...3...4...5...6...7...8...9...100...1...2...3...4...5...6...7...8...9...10transfers 324070, max 368
transfer lists:   2.5 megs
0...1...2...3...4...5...6...7...8...9...10	Bounce #1 added RGB(3263, 4005, 3630)
0...1...2...3...4...5...6...7...8...9...10	Bounce #2 added RGB(1177, 1484, 1347)
0...1...2...3...4...5...6...7...8...9...10	Bounce #3 added RGB(448, 581, 531)
0...1...2...3...4...5...6...7...8...9...10	Bounce #4 added RGB(176, 234, 218)
0...1...2...3...4...5...6...7...8...9...10	Bounce #5 added RGB(71, 98, 92)
0...1...2...3...4...5...6...7...8...9...10	Bounce #6 added RGB(30, 42, 40)
0...1...2...3...4...5...6...7...8...9...10	Bounce #7 added RGB(13, 18, 18)
0...1...2...3...4...5...6...7...8...9...10	Bounce #8 added RGB(5, 8, 8)
0...1...2...3...4...5...6...7...8...9...10	Bounce #9 added RGB(2, 4, 4)
0...1...2...3...4...5...6...7...8...9...10	Bounce #10 added RGB(1, 2, 2)
0...1...2...3...4...5...6...7...8...9...10	Bounce #11 added RGB(0, 1, 1)
Build Patch/Sample Hash Table(s).....Done<0.0009 sec>
0...1...2...3...4...5...6...7...8...9...10FinalLightFace Done
2 of 2 (100% of) surface lights went in leaf ambient cubes.
0...1...2...3...4...5...6...7...8...9...10Writing leaf ambient...done
Ready to Finish

Object names       Objects/Maxobjs  Memory / Maxmem  Fullness 
------------       ---------------  ---------------  -------- 
models                  17/1024          816/49152    ( 1.7%) 
brushes                470/8192         5640/98304    ( 5.7%) 
brushsides            3923/65536       31384/524288   ( 6.0%) 
planes                2548/65536       50960/1310720  ( 3.9%) 
vertexes              2170/65536       26040/786432   ( 3.3%) 
nodes                  867/65536       27744/2097152  ( 1.3%) 
texinfos               197/12288       14184/884736   ( 1.6%) 
texdata                 30/2048          960/65536    ( 1.5%) 
dispinfos                0/0               0/0        ( 0.0%) 
disp_verts               0/0               0/0        ( 0.0%) 
disp_tris                0/0               0/0        ( 0.0%) 
disp_multiblend          0/0               0/0        ( 0.0%) 
disp_lmsamples           0/0               0/0        ( 0.0%) 
faces                  597/65536       33432/3670016  ( 0.9%) 
hdr faces                0/65536           0/3670016  ( 0.0%) 
origfaces              389/65536       21784/3670016  ( 0.6%) 
facebrushes             99/0             198/0        ( 0.0%) 
facebrushlists         597/0            2388/0        ( 0.0%) 
leaves                 885/65536       28320/2097152  ( 1.4%) 
leaffaces              990/65536        1980/131072   ( 1.5%) 
leafbrushes            899/65536        1798/131072   ( 1.4%) 
areas                    2/256            16/2048     ( 0.8%) 
surfedges             4521/512000      18084/2048000  ( 0.9%) 
edges                 3030/256000      12120/1024000  ( 1.2%) 
LDR worldlights         17/8192         1700/819200   ( 0.2%) 
HDR worldlights          0/8192            0/819200   ( 0.0%) 
leafwaterdata            0/32768           0/393216   ( 0.0%) 
waterstrips            188/32768        1880/327680   ( 0.6%) 
waterverts               0/65536           0/786432   ( 0.0%) 
waterindices          3240/65536        6480/131072   ( 4.9%) 
cubemapsamples           1/1024           16/16384    ( 0.1%) 
overlays                11/512          3872/180224   ( 2.1%) 
LDR lightdata         [variable]      239240/0        ( 0.0%) 
HDR lightdata         [variable]           0/0        ( 0.0%) 
visdata               [variable]       36164/16777216 ( 0.2%) 
entdata               [variable]       12698/393216   ( 3.2%) 
LDR ambient table      885/65536        3540/262144   ( 1.4%) 
HDR ambient table      885/65536        3540/262144   ( 1.4%) 
LDR leaf ambient      3234/65536       90552/1835008  ( 4.9%) 
HDR leaf ambient       885/65536       24780/1835008  ( 1.4%) 
occluders                0/0               0/0        ( 0.0%) 
occluder polygons        0/0               0/0        ( 0.0%) 
occluder vert ind        0/0               0/0        ( 0.0%) 
detail props          [variable]           1/12       ( 8.3%) 
static props          [variable]           1/4642     ( 0.0%) 
pakfile               [variable]      149726/0        ( 0.0%) 
physics               [variable]      140129/4194304  ( 3.3%) 
physics terrain       [variable]           2/1048576  ( 0.0%) 

Level flags = 0

Total triangle count: 1803
Writing c:\program files (x86)\steam\steamapps\common\portal 2\sdk_content\maps\lastataperture_mod\maps\prefabs_or_instances\elevator_rooms\elevator_room_standart_arrive.bsp
5 seconds elapsed



materialPath: C:\Program Files (x86)\Steam\steamapps\common\Portal 2\portal2\materials
Loading C:\Program Files (x86)\Steam\steamapps\common\Portal 2\sdk_content\maps\lastataperture_mod\maps\prefabs_or_instances\elevator_rooms\elevator_room_standart_arrive.vmf
ConVarRef gpu_level doesn't point to an existing ConVar
fixing up env_cubemap materials on brush sides...
0...1...2...3...4...5...6...7...8...9...100...1...2...3...4...5...6...7...8...9...10Processing areas...done (0)
Building Faces...done (0)
Chop Details...done (0)
Find Visible Detail Sides...
Merged 142 detail faces...done (0)
Merging details...done (0)
FixTjuncs...
PruneNodes...
WriteBSP...
done (0)
writing C:\Program Files (x86)\Steam\steamapps\common\Portal 2\sdk_content\maps\lastataperture_mod\maps\prefabs_or_instances\elevator_rooms\elevator_room_standart_arrive.prt...Building visibility clusters...
done (0)
Finding displacement neighbors...
Finding lightmap sample positions...
Displacement Alpha : 0...1...2...3...4...5...6...7...8...9...10
Building Physics collision data...
done (0) (140129 bytes)
Placing detail props : 0...1...2...3...4...5...6...7...8...9...10
Compacting texture/material tables...
Reduced 590 texinfos to 197
Reduced 34 texdatas to 30 (994 bytes to 878)
Writing C:\Program Files (x86)\Steam\steamapps\common\Portal 2\sdk_content\maps\lastataperture_mod\maps\prefabs_or_instances\elevator_rooms\elevator_room_standart_arrive.bsp

nummapplanes:     (  2548 / 65536 )
nummapbrushes:    (   470 /  8192 )
nummapbrushsides: (  3906 / 65536 )
num_map_overlays: (    11 /   512 )
nummodels:        (    17 /  1024 )
num_entities:     (    49 / 16384 )

1 second elapsed



2 threads
reading c:\program files (x86)\steam\steamapps\common\portal 2\sdk_content\maps\lastataperture_mod\maps\prefabs_or_instances\elevator_rooms\elevator_room_standart_arrive.bsp
reading c:\program files (x86)\steam\steamapps\common\portal 2\sdk_content\maps\lastataperture_mod\maps\prefabs_or_instances\elevator_rooms\elevator_room_standart_arrive.prt
 363 portalclusters
1187 numportals
0...1...2...3...4...5...6...7...8...9...100...1...2...3...4...5...6...7...8...9...10Optimized: 70 visible clusters (0.00%)
Total clusters visible: 87285
Average clusters visible: 240
Building PAS...
Average clusters audible: 362
visdatasize:36164  compressed from 34848
writing c:\program files (x86)\steam\steamapps\common\portal 2\sdk_content\maps\lastataperture_mod\maps\prefabs_or_instances\elevator_rooms\elevator_room_standart_arrive.bsp
38 seconds elapsed



[Reading texlights from 'lights.rad']
[59 texlights parsed from 'lights.rad']

Loading c:\program files (x86)\steam\steamapps\common\portal 2\sdk_content\maps\lastataperture_mod\maps\prefabs_or_instances\elevator_rooms\elevator_room_standart_arrive.bsp
597 faces
153578 square feet [22115340.00 square inches]
0 Displacements
0 Square Feet [0.00 Square Inches]
597 patches before subdivision
2871 patches after subdivision
17 direct lights
0...1...2...3...4...5...6...7...8...9...100...1...2...3...4...5...6...7...8...9...10transfers 324070, max 368
transfer lists:   2.5 megs
0...1...2...3...4...5...6...7...8...9...10	Bounce #1 added RGB(2866, 3633, 3226)
0...1...2...3...4...5...6...7...8...9...10	Bounce #2 added RGB(1013, 1319, 1167)
0...1...2...3...4...5...6...7...8...9...10	Bounce #3 added RGB(382, 512, 459)
0...1...2...3...4...5...6...7...8...9...10	Bounce #4 added RGB(151, 208, 192)
0...1...2...3...4...5...6...7...8...9...10	Bounce #5 added RGB(62, 87, 83)
0...1...2...3...4...5...6...7...8...9...10	Bounce #6 added RGB(26, 38, 37)
0...1...2...3...4...5...6...7...8...9...10	Bounce #7 added RGB(11, 17, 17)
0...1...2...3...4...5...6...7...8...9...10	Bounce #8 added RGB(5, 7, 8)
0...1...2...3...4...5...6...7...8...9...10	Bounce #9 added RGB(2, 3, 3)
0...1...2...3...4...5...6...7...8...9...10	Bounce #10 added RGB(1, 2, 2)
0...1...2...3...4...5...6...7...8...9...10	Bounce #11 added RGB(0, 1, 1)
Build Patch/Sample Hash Table(s).....Done<0.0009 sec>
0...1...2...3...4...5...6...7...8...9...10FinalLightFace Done
2 of 2 (100% of) surface lights went in leaf ambient cubes.
0...1...2...3...4...5...6...7...8...9...10Writing leaf ambient...done
Ready to Finish

Object names       Objects/Maxobjs  Memory / Maxmem  Fullness 
------------       ---------------  ---------------  -------- 
models                  17/1024          816/49152    ( 1.7%) 
brushes                470/8192         5640/98304    ( 5.7%) 
brushsides            3923/65536       31384/524288   ( 6.0%) 
planes                2548/65536       50960/1310720  ( 3.9%) 
vertexes              2170/65536       26040/786432   ( 3.3%) 
nodes                  867/65536       27744/2097152  ( 1.3%) 
texinfos               197/12288       14184/884736   ( 1.6%) 
texdata                 30/2048          960/65536    ( 1.5%) 
dispinfos                0/0               0/0        ( 0.0%) 
disp_verts               0/0               0/0        ( 0.0%) 
disp_tris                0/0               0/0        ( 0.0%) 
disp_multiblend          0/0               0/0        ( 0.0%) 
disp_lmsamples           0/0               0/0        ( 0.0%) 
faces                  597/65536       33432/3670016  ( 0.9%) 
hdr faces                0/65536           0/3670016  ( 0.0%) 
origfaces              389/65536       21784/3670016  ( 0.6%) 
facebrushes             99/0             198/0        ( 0.0%) 
facebrushlists         597/0            2388/0        ( 0.0%) 
leaves                 885/65536       28320/2097152  ( 1.4%) 
leaffaces              990/65536        1980/131072   ( 1.5%) 
leafbrushes            899/65536        1798/131072   ( 1.4%) 
areas                    2/256            16/2048     ( 0.8%) 
surfedges             4521/512000      18084/2048000  ( 0.9%) 
edges                 3030/256000      12120/1024000  ( 1.2%) 
LDR worldlights         17/8192         1700/819200   ( 0.2%) 
HDR worldlights          0/8192            0/819200   ( 0.0%) 
leafwaterdata            0/32768           0/393216   ( 0.0%) 
waterstrips            188/32768        1880/327680   ( 0.6%) 
waterverts               0/65536           0/786432   ( 0.0%) 
waterindices          3240/65536        6480/131072   ( 4.9%) 
cubemapsamples           1/1024           16/16384    ( 0.1%) 
overlays                11/512          3872/180224   ( 2.1%) 
LDR lightdata         [variable]      239240/0        ( 0.0%) 
HDR lightdata         [variable]           0/0        ( 0.0%) 
visdata               [variable]       36164/16777216 ( 0.2%) 
entdata               [variable]       12693/393216   ( 3.2%) 
LDR ambient table      885/65536        3540/262144   ( 1.4%) 
HDR ambient table      885/65536        3540/262144   ( 1.4%) 
LDR leaf ambient      3329/65536       93212/1835008  ( 5.1%) 
HDR leaf ambient       885/65536       24780/1835008  ( 1.4%) 
occluders                0/0               0/0        ( 0.0%) 
occluder polygons        0/0               0/0        ( 0.0%) 
occluder vert ind        0/0               0/0        ( 0.0%) 
detail props          [variable]           1/12       ( 8.3%) 
static props          [variable]           1/5068     ( 0.0%) 
pakfile               [variable]      149726/0        ( 0.0%) 
physics               [variable]      140129/4194304  ( 3.3%) 
physics terrain       [variable]           2/1048576  ( 0.0%) 

Level flags = 0

Total triangle count: 1803
Writing c:\program files (x86)\steam\steamapps\common\portal 2\sdk_content\maps\lastataperture_mod\maps\prefabs_or_instances\elevator_rooms\elevator_room_standart_arrive.bsp
6 seconds elapsed



materialPath: C:\Program Files (x86)\Steam\steamapps\common\Portal 2\portal2\materials
Loading C:\Program Files (x86)\Steam\steamapps\common\Portal 2\sdk_content\maps\lastataperture_mod\maps\prefabs_or_instances\elevator_rooms\elevator_room_standart_arrive.vmf
ConVarRef gpu_level doesn't point to an existing ConVar
fixing up env_cubemap materials on brush sides...
0...1...2...3...4...5...6...7...8...9...100...1...2...3...4...5...6...7...8...9...10Processing areas...done (0)
Building Faces...done (0)
Chop Details...done (0)
Find Visible Detail Sides...
Merged 142 detail faces...done (0)
Merging details...done (0)
FixTjuncs...
PruneNodes...
WriteBSP...
done (0)
writing C:\Program Files (x86)\Steam\steamapps\common\Portal 2\sdk_content\maps\lastataperture_mod\maps\prefabs_or_instances\elevator_rooms\elevator_room_standart_arrive.prt...Building visibility clusters...
done (0)
Finding displacement neighbors...
Finding lightmap sample positions...
Displacement Alpha : 0...1...2...3...4...5...6...7...8...9...10
Building Physics collision data...
done (0) (140617 bytes)
Placing detail props : 0...1...2...3...4...5...6...7...8...9...10
Compacting texture/material tables...
Reduced 593 texinfos to 199
Reduced 36 texdatas to 32 (1050 bytes to 934)
Writing C:\Program Files (x86)\Steam\steamapps\common\Portal 2\sdk_content\maps\lastataperture_mod\maps\prefabs_or_instances\elevator_rooms\elevator_room_standart_arrive.bsp

nummapplanes:     (  2558 / 65536 )
nummapbrushes:    (   471 /  8192 )
nummapbrushsides: (  3913 / 65536 )
num_map_overlays: (    15 /   512 )
nummodels:        (    17 /  1024 )
num_entities:     (    49 / 16384 )

1 second elapsed



2 threads
reading c:\program files (x86)\steam\steamapps\common\portal 2\sdk_content\maps\lastataperture_mod\maps\prefabs_or_instances\elevator_rooms\elevator_room_standart_arrive.bsp
reading c:\program files (x86)\steam\steamapps\common\portal 2\sdk_content\maps\lastataperture_mod\maps\prefabs_or_instances\elevator_rooms\elevator_room_standart_arrive.prt
 371 portalclusters
1213 numportals
0...1...2...3...4...5...6...7...8...9...100...1...2...3...4...5...6...7...8...9...10Optimized: 72 visible clusters (0.00%)
Total clusters visible: 91203
Average clusters visible: 245
Building PAS...
Average clusters audible: 370
visdatasize:37567  compressed from 35616
writing c:\program files (x86)\steam\steamapps\common\portal 2\sdk_content\maps\lastataperture_mod\maps\prefabs_or_instances\elevator_rooms\elevator_room_standart_arrive.bsp
36 seconds elapsed



[Reading texlights from 'lights.rad']
[59 texlights parsed from 'lights.rad']

Loading c:\program files (x86)\steam\steamapps\common\portal 2\sdk_content\maps\lastataperture_mod\maps\prefabs_or_instances\elevator_rooms\elevator_room_standart_arrive.bsp
612 faces
153578 square feet [22115342.00 square inches]
0 Displacements
0 Square Feet [0.00 Square Inches]
612 patches before subdivision
2898 patches after subdivision
17 direct lights
0...1...2...3...4...5...6...7...8...9...100...1...2...3...4...5...6...7...8...9...10transfers 313910, max 365
transfer lists:   2.4 megs
0...1...2...3...4...5...6...7...8...9...10	Bounce #1 added RGB(2142, 3000, 2899)
0...1...2...3...4...5...6...7...8...9...10	Bounce #2 added RGB(781, 1113, 1066)
0...1...2...3...4...5...6...7...8...9...10	Bounce #3 added RGB(305, 444, 430)
0...1...2...3...4...5...6...7...8...9...10	Bounce #4 added RGB(126, 186, 184)
0...1...2...3...4...5...6...7...8...9...10	Bounce #5 added RGB(54, 81, 81)
0...1...2...3...4...5...6...7...8...9...10	Bounce #6 added RGB(24, 36, 36)
0...1...2...3...4...5...6...7...8...9...10	Bounce #7 added RGB(10, 16, 17)
0...1...2...3...4...5...6...7...8...9...10	Bounce #8 added RGB(5, 7, 8)
0...1...2...3...4...5...6...7...8...9...10	Bounce #9 added RGB(2, 3, 3)
0...1...2...3...4...5...6...7...8...9...10	Bounce #10 added RGB(1, 1, 2)
0...1...2...3...4...5...6...7...8...9...10	Bounce #11 added RGB(0, 1, 1)
Build Patch/Sample Hash Table(s).....Done<0.0009 sec>
0...1...2...3...4...5...6...7...8...9...10FinalLightFace Done
2 of 2 (100% of) surface lights went in leaf ambient cubes.
0...1...2...3...4...5...6...7...8...9...10Writing leaf ambient...done
Ready to Finish

Object names       Objects/Maxobjs  Memory / Maxmem  Fullness 
------------       ---------------  ---------------  -------- 
models                  17/1024          816/49152    ( 1.7%) 
brushes                471/8192         5652/98304    ( 5.7%) 
brushsides            3930/65536       31440/524288   ( 6.0%) 
planes                2558/65536       51160/1310720  ( 3.9%) 
vertexes              2192/65536       26304/786432   ( 3.3%) 
nodes                  875/65536       28000/2097152  ( 1.3%) 
texinfos               199/12288       14328/884736   ( 1.6%) 
texdata                 32/2048         1024/65536    ( 1.6%) 
dispinfos                0/0               0/0        ( 0.0%) 
disp_verts               0/0               0/0        ( 0.0%) 
disp_tris                0/0               0/0        ( 0.0%) 
disp_multiblend          0/0               0/0        ( 0.0%) 
disp_lmsamples           0/0               0/0        ( 0.0%) 
faces                  612/65536       34272/3670016  ( 0.9%) 
hdr faces                0/65536           0/3670016  ( 0.0%) 
origfaces              390/65536       21840/3670016  ( 0.6%) 
facebrushes             91/0             182/0        ( 0.0%) 
facebrushlists         612/0            2448/0        ( 0.0%) 
leaves                 893/65536       28576/2097152  ( 1.4%) 
leaffaces             1013/65536        2026/131072   ( 1.5%) 
leafbrushes            901/65536        1802/131072   ( 1.4%) 
areas                    2/256            16/2048     ( 0.8%) 
surfedges             4601/512000      18404/2048000  ( 0.9%) 
edges                 3085/256000      12340/1024000  ( 1.2%) 
LDR worldlights         17/8192         1700/819200   ( 0.2%) 
HDR worldlights          0/8192            0/819200   ( 0.0%) 
leafwaterdata            0/32768           0/393216   ( 0.0%) 
waterstrips            191/32768        1910/327680   ( 0.6%) 
waterverts               0/65536           0/786432   ( 0.0%) 
waterindices          3291/65536        6582/131072   ( 5.0%) 
cubemapsamples           1/1024           16/16384    ( 0.1%) 
overlays                15/512          5280/180224   ( 2.9%) 
LDR lightdata         [variable]      236740/0        ( 0.0%) 
HDR lightdata         [variable]           0/0        ( 0.0%) 
visdata               [variable]       37567/16777216 ( 0.2%) 
entdata               [variable]       12691/393216   ( 3.2%) 
LDR ambient table      893/65536        3572/262144   ( 1.4%) 
HDR ambient table      893/65536        3572/262144   ( 1.4%) 
LDR leaf ambient      3292/65536       92176/1835008  ( 5.0%) 
HDR leaf ambient       893/65536       25004/1835008  ( 1.4%) 
occluders                0/0               0/0        ( 0.0%) 
occluder polygons        0/0               0/0        ( 0.0%) 
occluder vert ind        0/0               0/0        ( 0.0%) 
detail props          [variable]           1/12       ( 8.3%) 
static props          [variable]           1/6104     ( 0.0%) 
pakfile               [variable]      149726/0        ( 0.0%) 
physics               [variable]      140617/4194304  ( 3.4%) 
physics terrain       [variable]           2/1048576  ( 0.0%) 

Level flags = 0

Total triangle count: 1847
Writing c:\program files (x86)\steam\steamapps\common\portal 2\sdk_content\maps\lastataperture_mod\maps\prefabs_or_instances\elevator_rooms\elevator_room_standart_arrive.bsp
5 seconds elapsed



materialPath: C:\Program Files (x86)\Steam\steamapps\common\Portal 2\portal2\materials
Loading C:\Program Files (x86)\Steam\steamapps\common\Portal 2\sdk_content\maps\lastataperture_mod\maps\prefabs_or_instances\elevator_rooms\elevator_room_standart_arrive.vmf
ConVarRef gpu_level doesn't point to an existing ConVar
fixing up env_cubemap materials on brush sides...
0...1...2...3...4...5...6...7...8...9...100...1...2...3...4...5...6...7...8...9...10Processing areas...done (0)
Building Faces...done (0)
Chop Details...done (0)
Find Visible Detail Sides...
Merged 142 detail faces...done (0)
Merging details...done (0)
FixTjuncs...
PruneNodes...
WriteBSP...
done (0)
writing C:\Program Files (x86)\Steam\steamapps\common\Portal 2\sdk_content\maps\lastataperture_mod\maps\prefabs_or_instances\elevator_rooms\elevator_room_standart_arrive.prt...Building visibility clusters...
done (0)
Finding displacement neighbors...
Finding lightmap sample positions...
Displacement Alpha : 0...1...2...3...4...5...6...7...8...9...10
Building Physics collision data...
done (0) (140617 bytes)
Placing detail props : 0...1...2...3...4...5...6...7...8...9...10
Compacting texture/material tables...
Reduced 593 texinfos to 199
Reduced 36 texdatas to 32 (1050 bytes to 934)
Writing C:\Program Files (x86)\Steam\steamapps\common\Portal 2\sdk_content\maps\lastataperture_mod\maps\prefabs_or_instances\elevator_rooms\elevator_room_standart_arrive.bsp

nummapplanes:     (  2558 / 65536 )
nummapbrushes:    (   471 /  8192 )
nummapbrushsides: (  3913 / 65536 )
num_map_overlays: (    15 /   512 )
nummodels:        (    17 /  1024 )
num_entities:     (    49 / 16384 )

1 second elapsed



2 threads
reading c:\program files (x86)\steam\steamapps\common\portal 2\sdk_content\maps\lastataperture_mod\maps\prefabs_or_instances\elevator_rooms\elevator_room_standart_arrive.bsp
reading c:\program files (x86)\steam\steamapps\common\portal 2\sdk_content\maps\lastataperture_mod\maps\prefabs_or_instances\elevator_rooms\elevator_room_standart_arrive.prt
 371 portalclusters
1213 numportals
0...1...2...3...4...5...6...7...8...9...100...1...2...3...4...5...6...7...8...9...10Optimized: 72 visible clusters (0.00%)
Total clusters visible: 91203
Average clusters visible: 245
Building PAS...
Average clusters audible: 370
visdatasize:37567  compressed from 35616
writing c:\program files (x86)\steam\steamapps\common\portal 2\sdk_content\maps\lastataperture_mod\maps\prefabs_or_instances\elevator_rooms\elevator_room_standart_arrive.bsp
36 seconds elapsed



[Reading texlights from 'lights.rad']
[59 texlights parsed from 'lights.rad']

Loading c:\program files (x86)\steam\steamapps\common\portal 2\sdk_content\maps\lastataperture_mod\maps\prefabs_or_instances\elevator_rooms\elevator_room_standart_arrive.bsp
612 faces
153578 square feet [22115342.00 square inches]
0 Displacements
0 Square Feet [0.00 Square Inches]
612 patches before subdivision
2898 patches after subdivision
17 direct lights
0...1...2...3...4...5...6...7...8...9...100...1...2...3...4...5...6...7...8...9...10transfers 311031, max 364
transfer lists:   2.4 megs
0...1...2...3...4...5...6...7...8...9...10	Bounce #1 added RGB(1881, 2755, 2761)
0...1...2...3...4...5...6...7...8...9...10	Bounce #2 added RGB(708, 1046, 1033)
0...1...2...3...4...5...6...7...8...9...10	Bounce #3 added RGB(285, 425, 422)
0...1...2...3...4...5...6...7...8...9...10	Bounce #4 added RGB(120, 181, 182)
0...1...2...3...4...5...6...7...8...9...10	Bounce #5 added RGB(52, 79, 81)
0...1...2...3...4...5...6...7...8...9...10	Bounce #6 added RGB(23, 35, 36)
0...1...2...3...4...5...6...7...8...9...10	Bounce #7 added RGB(10, 16, 16)
0...1...2...3...4...5...6...7...8...9...10	Bounce #8 added RGB(5, 7, 7)
0...1...2...3...4...5...6...7...8...9...10	Bounce #9 added RGB(2, 3, 3)
0...1...2...3...4...5...6...7...8...9...10	Bounce #10 added RGB(1, 1, 2)
0...1...2...3...4...5...6...7...8...9...10	Bounce #11 added RGB(0, 1, 1)
Build Patch/Sample Hash Table(s).....Done<0.0009 sec>
0...1...2...3...4...5...6...7...8...9...10FinalLightFace Done
2 of 2 (100% of) surface lights went in leaf ambient cubes.
0...1...2...3...4...5...6...7...8...9...10Writing leaf ambient...done
Ready to Finish

Object names       Objects/Maxobjs  Memory / Maxmem  Fullness 
------------       ---------------  ---------------  -------- 
models                  17/1024          816/49152    ( 1.7%) 
brushes                471/8192         5652/98304    ( 5.7%) 
brushsides            3930/65536       31440/524288   ( 6.0%) 
planes                2558/65536       51160/1310720  ( 3.9%) 
vertexes              2192/65536       26304/786432   ( 3.3%) 
nodes                  875/65536       28000/2097152  ( 1.3%) 
texinfos               199/12288       14328/884736   ( 1.6%) 
texdata                 32/2048         1024/65536    ( 1.6%) 
dispinfos                0/0               0/0        ( 0.0%) 
disp_verts               0/0               0/0        ( 0.0%) 
disp_tris                0/0               0/0        ( 0.0%) 
disp_multiblend          0/0               0/0        ( 0.0%) 
disp_lmsamples           0/0               0/0        ( 0.0%) 
faces                  612/65536       34272/3670016  ( 0.9%) 
hdr faces                0/65536           0/3670016  ( 0.0%) 
origfaces              390/65536       21840/3670016  ( 0.6%) 
facebrushes             91/0             182/0        ( 0.0%) 
facebrushlists         612/0            2448/0        ( 0.0%) 
leaves                 893/65536       28576/2097152  ( 1.4%) 
leaffaces             1013/65536        2026/131072   ( 1.5%) 
leafbrushes            901/65536        1802/131072   ( 1.4%) 
areas                    2/256            16/2048     ( 0.8%) 
surfedges             4601/512000      18404/2048000  ( 0.9%) 
edges                 3085/256000      12340/1024000  ( 1.2%) 
LDR worldlights         17/8192         1700/819200   ( 0.2%) 
HDR worldlights          0/8192            0/819200   ( 0.0%) 
leafwaterdata            0/32768           0/393216   ( 0.0%) 
waterstrips            191/32768        1910/327680   ( 0.6%) 
waterverts               0/65536           0/786432   ( 0.0%) 
waterindices          3291/65536        6582/131072   ( 5.0%) 
cubemapsamples           1/1024           16/16384    ( 0.1%) 
overlays                15/512          5280/180224   ( 2.9%) 
LDR lightdata         [variable]      236740/0        ( 0.0%) 
HDR lightdata         [variable]           0/0        ( 0.0%) 
visdata               [variable]       37567/16777216 ( 0.2%) 
entdata               [variable]       12691/393216   ( 3.2%) 
LDR ambient table      893/65536        3572/262144   ( 1.4%) 
HDR ambient table      893/65536        3572/262144   ( 1.4%) 
LDR leaf ambient      3288/65536       92064/1835008  ( 5.0%) 
HDR leaf ambient       893/65536       25004/1835008  ( 1.4%) 
occluders                0/0               0/0        ( 0.0%) 
occluder polygons        0/0               0/0        ( 0.0%) 
occluder vert ind        0/0               0/0        ( 0.0%) 
detail props          [variable]           1/12       ( 8.3%) 
static props          [variable]           1/6106     ( 0.0%) 
pakfile               [variable]      149726/0        ( 0.0%) 
physics               [variable]      140617/4194304  ( 3.4%) 
physics terrain       [variable]           2/1048576  ( 0.0%) 

Level flags = 0

Total triangle count: 1847
Writing c:\program files (x86)\steam\steamapps\common\portal 2\sdk_content\maps\lastataperture_mod\maps\prefabs_or_instances\elevator_rooms\elevator_room_standart_arrive.bsp
5 seconds elapsed



materialPath: C:\Program Files (x86)\Steam\steamapps\common\Portal 2\portal2\materials
Loading C:\Program Files (x86)\Steam\steamapps\common\Portal 2\sdk_content\maps\lastataperture_mod\maps\prefabs_or_instances\elevator_rooms\elevator_room_standart_arrive.vmf
ConVarRef gpu_level doesn't point to an existing ConVar
fixing up env_cubemap materials on brush sides...
0...1...2...3...4...5...6...7...8...9...100...1...2...3...4...5...6...7...8...9...10Processing areas...done (0)
Building Faces...done (0)
Chop Details...done (0)
Find Visible Detail Sides...
Merged 142 detail faces...done (0)
Merging details...done (0)
FixTjuncs...
PruneNodes...
WriteBSP...
done (0)
writing C:\Program Files (x86)\Steam\steamapps\common\Portal 2\sdk_content\maps\lastataperture_mod\maps\prefabs_or_instances\elevator_rooms\elevator_room_standart_arrive.prt...Building visibility clusters...
done (0)
Finding displacement neighbors...
Finding lightmap sample positions...
Displacement Alpha : 0...1...2...3...4...5...6...7...8...9...10
Building Physics collision data...
done (0) (140617 bytes)
Placing detail props : 0...1...2...3...4...5...6...7...8...9...10
Compacting texture/material tables...
Reduced 593 texinfos to 199
Reduced 36 texdatas to 32 (1050 bytes to 934)
Writing C:\Program Files (x86)\Steam\steamapps\common\Portal 2\sdk_content\maps\lastataperture_mod\maps\prefabs_or_instances\elevator_rooms\elevator_room_standart_arrive.bsp

nummapplanes:     (  2558 / 65536 )
nummapbrushes:    (   471 /  8192 )
nummapbrushsides: (  3913 / 65536 )
num_map_overlays: (    15 /   512 )
nummodels:        (    17 /  1024 )
num_entities:     (    49 / 16384 )

1 second elapsed



2 threads
reading c:\program files (x86)\steam\steamapps\common\portal 2\sdk_content\maps\lastataperture_mod\maps\prefabs_or_instances\elevator_rooms\elevator_room_standart_arrive.bsp
reading c:\program files (x86)\steam\steamapps\common\portal 2\sdk_content\maps\lastataperture_mod\maps\prefabs_or_instances\elevator_rooms\elevator_room_standart_arrive.prt
 371 portalclusters
1213 numportals
0...1...2...3...4...5...6...7...8...9...100...1...2...3...4...5...6...7...8...9...10Optimized: 72 visible clusters (0.00%)
Total clusters visible: 91203
Average clusters visible: 245
Building PAS...
Average clusters audible: 370
visdatasize:37567  compressed from 35616
writing c:\program files (x86)\steam\steamapps\common\portal 2\sdk_content\maps\lastataperture_mod\maps\prefabs_or_instances\elevator_rooms\elevator_room_standart_arrive.bsp
42 seconds elapsed



[Reading texlights from 'lights.rad']
[59 texlights parsed from 'lights.rad']

Loading c:\program files (x86)\steam\steamapps\common\portal 2\sdk_content\maps\lastataperture_mod\maps\prefabs_or_instances\elevator_rooms\elevator_room_standart_arrive.bsp
612 faces
153578 square feet [22115342.00 square inches]
0 Displacements
0 Square Feet [0.00 Square Inches]
612 patches before subdivision
2898 patches after subdivision
17 direct lights
0...1...2...3...4...5...6...7...8...9...100...1...2...3...4...5...6...7...8...9...10transfers 320320, max 373
transfer lists:   2.4 megs
0...1...2...3...4...5...6...7...8...9...10	Bounce #1 added RGB(2155, 3175, 3154)
0...1...2...3...4...5...6...7...8...9...10	Bounce #2 added RGB(797, 1176, 1139)
0...1...2...3...4...5...6...7...8...9...10	Bounce #3 added RGB(314, 466, 451)
0...1...2...3...4...5...6...7...8...9...10	Bounce #4 added RGB(130, 194, 189)
0...1...2...3...4...5...6...7...8...9...10	Bounce #5 added RGB(55, 83, 83)
0...1...2...3...4...5...6...7...8...9...10	Bounce #6 added RGB(24, 36, 37)
0...1...2...3...4...5...6...7...8...9...10	Bounce #7 added RGB(11, 16, 17)
0...1...2...3...4...5...6...7...8...9...10	Bounce #8 added RGB(5, 7, 8)
0...1...2...3...4...5...6...7...8...9...10	Bounce #9 added RGB(2, 3, 3)
0...1...2...3...4...5...6...7...8...9...10	Bounce #10 added RGB(1, 2, 2)
0...1...2...3...4...5...6...7...8...9...10	Bounce #11 added RGB(0, 1, 1)
Build Patch/Sample Hash Table(s).....Done<0.0010 sec>
0...1...2...3...4...5...6...7...8...9...10FinalLightFace Done
2 of 2 (100% of) surface lights went in leaf ambient cubes.
0...1...2...3...4...5...6...7...8...9...10Writing leaf ambient...done
Ready to Finish

Object names       Objects/Maxobjs  Memory / Maxmem  Fullness 
------------       ---------------  ---------------  -------- 
models                  17/1024          816/49152    ( 1.7%) 
brushes                471/8192         5652/98304    ( 5.7%) 
brushsides            3930/65536       31440/524288   ( 6.0%) 
planes                2558/65536       51160/1310720  ( 3.9%) 
vertexes              2192/65536       26304/786432   ( 3.3%) 
nodes                  875/65536       28000/2097152  ( 1.3%) 
texinfos               199/12288       14328/884736   ( 1.6%) 
texdata                 32/2048         1024/65536    ( 1.6%) 
dispinfos                0/0               0/0        ( 0.0%) 
disp_verts               0/0               0/0        ( 0.0%) 
disp_tris                0/0               0/0        ( 0.0%) 
disp_multiblend          0/0               0/0        ( 0.0%) 
disp_lmsamples           0/0               0/0        ( 0.0%) 
faces                  612/65536       34272/3670016  ( 0.9%) 
hdr faces                0/65536           0/3670016  ( 0.0%) 
origfaces              390/65536       21840/3670016  ( 0.6%) 
facebrushes             91/0             182/0        ( 0.0%) 
facebrushlists         612/0            2448/0        ( 0.0%) 
leaves                 893/65536       28576/2097152  ( 1.4%) 
leaffaces             1013/65536        2026/131072   ( 1.5%) 
leafbrushes            901/65536        1802/131072   ( 1.4%) 
areas                    2/256            16/2048     ( 0.8%) 
surfedges             4601/512000      18404/2048000  ( 0.9%) 
edges                 3085/256000      12340/1024000  ( 1.2%) 
LDR worldlights         17/8192         1700/819200   ( 0.2%) 
HDR worldlights          0/8192            0/819200   ( 0.0%) 
leafwaterdata            0/32768           0/393216   ( 0.0%) 
waterstrips            191/32768        1910/327680   ( 0.6%) 
waterverts               0/65536           0/786432   ( 0.0%) 
waterindices          3291/65536        6582/131072   ( 5.0%) 
cubemapsamples           1/1024           16/16384    ( 0.1%) 
overlays                15/512          5280/180224   ( 2.9%) 
LDR lightdata         [variable]      236740/0        ( 0.0%) 
HDR lightdata         [variable]           0/0        ( 0.0%) 
visdata               [variable]       37567/16777216 ( 0.2%) 
entdata               [variable]       12691/393216   ( 3.2%) 
LDR ambient table      893/65536        3572/262144   ( 1.4%) 
HDR ambient table      893/65536        3572/262144   ( 1.4%) 
LDR leaf ambient      3324/65536       93072/1835008  ( 5.1%) 
HDR leaf ambient       893/65536       25004/1835008  ( 1.4%) 
occluders                0/0               0/0        ( 0.0%) 
occluder polygons        0/0               0/0        ( 0.0%) 
occluder vert ind        0/0               0/0        ( 0.0%) 
detail props          [variable]           1/12       ( 8.3%) 
static props          [variable]           1/6216     ( 0.0%) 
pakfile               [variable]      149726/0        ( 0.0%) 
physics               [variable]      140617/4194304  ( 3.4%) 
physics terrain       [variable]           2/1048576  ( 0.0%) 

Level flags = 0

Total triangle count: 1847
Writing c:\program files (x86)\steam\steamapps\common\portal 2\sdk_content\maps\lastataperture_mod\maps\prefabs_or_instances\elevator_rooms\elevator_room_standart_arrive.bsp
6 seconds elapsed
